2026-03-20 22:29:35 | INFO | Logger initialized (level=INFO, file=logs/app.log)
2026-03-20 22:29:35 | INFO | Startup completed: admin ensured.
2026-03-20 22:30:10 | INFO | GET /me -> 200 (224.6 ms)
2026-03-20 22:30:20 | INFO | GET /me -> 200 (7.7 ms)
2026-03-20 22:30:20 | INFO | GET /me -> 200 (11.4 ms)
2026-03-20 22:30:22 | INFO | GET /me -> 200 (3.8 ms)
2026-03-20 22:30:22 | INFO | GET /me -> 200 (3.3 ms)
2026-03-20 22:30:25 | INFO | GET /me -> 200 (4.1 ms)
2026-03-20 22:30:25 | INFO | GET /me -> 200 (3.8 ms)
2026-03-20 22:30:46 | INFO | GET /me -> 200 (3.0 ms)
2026-03-20 22:30:46 | INFO | GET /me -> 200 (3.1 ms)
2026-03-20 22:30:46 | INFO | GET /uploads/user_1_fc1cb397.jpg -> 200 (3.4 ms)
2026-03-20 22:30:49 | INFO | GET /me -> 200 (2.5 ms)
2026-03-20 22:30:49 | INFO | GET /me -> 200 (3.0 ms)
2026-03-20 22:30:52 | INFO | GET /me -> 200 (3.3 ms)
2026-03-20 22:30:52 | INFO | GET /me -> 200 (4.1 ms)
2026-03-20 22:31:03 | INFO | GET /me -> 200 (2.8 ms)
2026-03-20 22:31:03 | INFO | GET /me -> 200 (2.3 ms)
2026-03-20 22:31:06 | INFO | GET /me -> 200 (3.3 ms)
2026-03-20 22:31:06 | INFO | GET /me -> 200 (3.2 ms)
2026-03-20 22:31:10 | INFO | GET /me -> 200 (2.9 ms)
2026-03-20 22:31:10 | INFO | GET /me -> 200 (2.7 ms)
2026-03-20 22:31:25 | INFO | GET /me -> 200 (2.3 ms)
2026-03-20 22:31:25 | INFO | GET /me -> 200 (2.7 ms)
2026-03-20 22:31:30 | INFO | GET /me -> 200 (2.7 ms)
2026-03-20 22:31:30 | INFO | GET /me -> 200 (2.2 ms)
2026-03-20 22:31:35 | INFO | GET /me -> 200 (3.7 ms)
2026-03-20 22:31:35 | INFO | GET /me -> 200 (2.8 ms)
2026-03-20 22:32:48 | INFO | POST /auth/google -> 200 (527.8 ms)
2026-03-20 22:32:48 | INFO | GET /me -> 200 (2.1 ms)
2026-03-20 22:32:48 | INFO | GET /me -> 200 (2.3 ms)
2026-03-20 22:32:48 | INFO | GET /uploads/user_4_6904d284.jpg -> 200 (1.6 ms)
2026-03-20 22:32:51 | INFO | GET /me -> 200 (2.4 ms)
2026-03-20 22:32:52 | INFO | GET /me -> 200 (2.6 ms)
2026-03-21 12:41:07 | INFO | Logger initialized (level=INFO, file=logs/app.log)
2026-03-21 12:41:07 | INFO | Startup completed: admin ensured.
2026-03-21 12:41:31 | INFO | GET /me -> 200 (171.8 ms)
2026-03-21 12:41:31 | INFO | GET /me -> 200 (4.5 ms)
2026-03-21 12:41:31 | INFO | GET /uploads/user_4_6904d284.jpg -> 200 (3.5 ms)
2026-03-21 12:42:40 | INFO | POST /auth/google -> 200 (689.1 ms)
2026-03-21 12:42:41 | INFO | GET /me -> 200 (3.1 ms)
2026-03-21 12:42:41 | INFO | GET /me -> 200 (2.6 ms)
2026-03-21 12:46:04 | INFO | GET /me -> 200 (3.1 ms)
2026-03-21 12:46:04 | INFO | GET /conversations -> 200 (11.7 ms)
2026-03-21 12:46:05 | INFO | GET /me -> 200 (2.7 ms)
2026-03-21 12:46:05 | INFO | GET /conversations -> 200 (2.7 ms)
2026-03-21 12:46:06 | INFO | GET /me -> 200 (3.1 ms)
2026-03-21 12:46:06 | INFO | GET /me -> 200 (2.5 ms)
2026-03-21 12:47:12 | INFO | POST /auth/google -> 200 (659.1 ms)
2026-03-21 12:47:12 | INFO | GET /me -> 200 (3.8 ms)
2026-03-21 12:47:12 | INFO | GET /me -> 200 (3.7 ms)
2026-03-21 12:47:17 | INFO | GET /conversations -> 200 (3.7 ms)
2026-03-21 12:47:17 | INFO | GET /conversations -> 200 (4.1 ms)
2026-03-21 12:47:23 | INFO | GET /conversations -> 200 (8.6 ms)
2026-03-21 12:47:23 | INFO | GET /me -> 200 (70.4 ms)
2026-03-21 12:47:23 | INFO | GET /me -> 200 (3.2 ms)
2026-03-21 12:47:23 | INFO | GET /conversations -> 200 (6.3 ms)
2026-03-21 12:47:26 | INFO | POST /conversations -> 201 (17.3 ms)
2026-03-21 12:47:43 | INFO | Loading query embedding model: BAAI/bge-m3
2026-03-21 12:47:59 | INFO | POST /chat -> 200 (19992.4 ms)
2026-03-21 12:48:24 | INFO | O-Query: tuýp 1 khác tuýp 2 những gì | Rewritten: Tiểu đường tuýp 1 khác Tiểu đường tuýp 2 những gì
2026-03-21 12:48:33 | INFO | POST /chat -> 200 (10777.7 ms)
2026-03-21 12:48:50 | INFO | O-Query: cách chữa cho tuýp 1 | Rewritten: Cách chữa bệnh tiểu đường tuýp 1 là gì?
2026-03-21 12:48:55 | INFO | POST /chat -> 200 (6572.9 ms)
2026-03-21 12:49:19 | INFO | O-Query: nếu tôi bị các bệnh nền khác thì sao | Rewritten: Nếu người mắc bệnh tiểu đường tuýp 1 bị các bệnh nền khác thì sao?
2026-03-21 12:49:31 | INFO | POST /chat -> 200 (15669.1 ms)
2026-03-21 12:49:53 | INFO | O-Query: nếu như tôi uống thuốc đầy đủ nhưng tôi thức khuya thì sao | Rewritten: Nếu như tôi uống thuốc điều trị bệnh tiểu đường và các bệnh nền khác đầy đủ nhưng tôi thức khuya thì sao?
2026-03-21 12:50:02 | INFO | POST /chat -> 200 (19054.1 ms)
2026-03-21 12:51:36 | INFO | POST /conversations -> 201 (4.6 ms)
2026-03-21 12:51:44 | INFO | PATCH /conversations/d7a8f8fc-450a-49f8-8b80-8c1a8b986592 -> 200 (5.8 ms)
2026-03-21 12:51:48 | INFO | DELETE /conversations/d7a8f8fc-450a-49f8-8b80-8c1a8b986592 -> 200 (5.2 ms)
2026-03-21 12:51:51 | INFO | GET /me -> 200 (3.3 ms)
2026-03-21 12:51:51 | INFO | GET /me -> 200 (2.3 ms)
2026-03-21 12:51:53 | INFO | GET /me -> 200 (3.5 ms)
2026-03-21 12:51:53 | INFO | GET /me -> 200 (2.6 ms)
2026-03-21 12:52:38 | INFO | GET /me -> 200 (2.3 ms)
2026-03-21 12:52:38 | INFO | GET /me -> 200 (3.1 ms)
2026-03-24 13:18:44 | INFO | Logger initialized (level=INFO, file=logs/app.log)
2026-03-24 13:18:44 | INFO | Startup completed: admin ensured.
2026-03-24 13:19:22 | INFO | POST /auth/google -> 200 (677.3 ms)
2026-03-24 13:19:22 | INFO | GET /me -> 200 (11.5 ms)
2026-03-24 13:19:22 | INFO | GET /me -> 200 (3.2 ms)
2026-03-24 13:19:22 | INFO | GET /uploads/user_4_6904d284.jpg -> 200 (2.5 ms)
2026-03-24 13:20:02 | INFO | GET / -> 200 (0.4 ms)
2026-03-24 13:20:26 | INFO | GET /me -> 200 (3.2 ms)
2026-03-24 13:20:27 | INFO | GET /uploads/user_4_6904d284.jpg -> 200 (1.3 ms)
2026-03-24 13:20:30 | INFO | GET / -> 200 (0.5 ms)
2026-03-24 13:20:59 | INFO | POST /auth/google -> 200 (511.1 ms)
2026-03-24 13:20:59 | INFO | GET /me -> 200 (3.2 ms)
2026-03-24 13:21:01 | INFO | GET /me -> 200 (3.3 ms)
2026-03-24 13:21:01 | INFO | GET /conversations -> 200 (11.5 ms)
2026-03-24 13:21:05 | INFO | POST /conversations -> 201 (12.5 ms)
2026-03-24 13:21:13 | INFO | Loading query embedding model: BAAI/bge-m3
2026-03-24 13:21:20 | INFO | GET / -> 200 (0.5 ms)
2026-03-24 13:21:24 | INFO | POST /chat -> 200 (15091.9 ms)
2026-03-24 13:22:28 | INFO | GET / -> 200 (0.4 ms)
2026-03-24 13:22:48 | INFO | POST /auth/google -> 200 (596.8 ms)
2026-03-24 13:22:48 | INFO | GET /me -> 200 (2.6 ms)
2026-03-24 13:23:18 | INFO | GET /me -> 200 (2.1 ms)
2026-03-24 13:23:18 | INFO | GET /conversations -> 200 (3.6 ms)
2026-03-24 13:23:20 | INFO | POST /conversations -> 201 (4.5 ms)
2026-03-24 13:23:28 | INFO | POST /chat -> 200 (3593.7 ms)
2026-03-24 13:23:41 | INFO | O-Query: tôi muốn ăn cà lem thì sao | Rewritten: tôi muốn ăn cà lem thì sao
2026-03-24 13:23:46 | INFO | POST /chat -> 200 (6704.8 ms)
2026-03-24 13:24:12 | INFO | O-Query: tôi muốn order cà lem thì bạn đưa cho tôi cà lem nào ăn tốt cho sức khỏe | Rewritten: tôi muốn order cà lem thì bạn đưa cho tôi cà lem nào ăn tốt cho sức khỏe
2026-03-24 13:24:21 | INFO | POST /chat -> 200 (11844.2 ms)
2026-03-24 13:25:08 | INFO | GET / -> 200 (0.4 ms)
2026-03-24 13:25:40 | INFO | GET / -> 200 (0.4 ms)
2026-03-24 13:25:45 | INFO | GET / -> 200 (0.7 ms)
2026-03-24 13:26:01 | INFO | GET / -> 200 (0.4 ms)
2026-03-24 13:26:04 | INFO | GET /me -> 200 (2.7 ms)
2026-03-24 13:26:04 | INFO | GET / -> 200 (0.6 ms)
2026-03-24 13:26:09 | INFO | GET /me -> 200 (2.7 ms)
2026-03-24 13:26:09 | INFO | GET /conversations -> 200 (4.0 ms)
2026-03-24 13:26:09 | INFO | GET /conversations/b3f260b2-bc72-4aea-8197-997e5aa21b3f/messages -> 200 (31.0 ms)
2026-03-24 13:26:21 | INFO | GET / -> 200 (0.4 ms)
2026-03-24 13:26:25 | INFO | GET / -> 200 (0.5 ms)
2026-03-24 13:27:04 | INFO | O-Query: tui bị nấc cục liên tục thì làm sao đã uống nước nhiều lần nma không hết | Rewritten: tui bị nấc cục liên tục thì làm sao đã uống nước nhiều lần nma không hết
2026-03-24 13:27:14 | INFO | POST /chat -> 200 (11719.9 ms)
2026-03-24 13:27:33 | INFO | GET /me -> 200 (5.8 ms)
2026-03-24 13:27:33 | INFO | GET /conversations -> 200 (62.9 ms)
2026-03-24 13:27:33 | INFO | GET /conversations/b3f260b2-bc72-4aea-8197-997e5aa21b3f/messages -> 200 (6.7 ms)
2026-03-24 13:27:39 | INFO | O-Query: đã làm rồi nhưng không hết | Rewritten: Tôi đã thử các mẹo như nín thở, thở vào túi giấy, súc miệng bằng nước đá nhưng nấc cụt vẫn không hết thì phải làm sao?
2026-03-24 13:27:50 | INFO | POST /chat -> 200 (14231.1 ms)
2026-03-24 13:28:09 | INFO | O-Query: liên tục  kéo dài trong 2 ngày tôi  muốn biết một trong những lí do cơ bản nhất | Rewritten: Tôi muốn biết một trong những lý do cơ bản nhất gây nấc cụt liên tục kéo dài trong 2 ngày là gì?
2026-03-24 13:28:20 | INFO | POST /chat -> 200 (12391.5 ms)
2026-03-24 13:28:50 | INFO | O-Query: bị axit nhiều trong bụng không | Rewritten: bị axit nhiều trong bụng không
2026-03-24 13:29:03 | INFO | POST /chat -> 200 (14550.1 ms)
2026-03-24 13:29:35 | INFO | GET /me -> 200 (6.0 ms)
2026-03-24 13:29:35 | INFO | GET /conversations -> 200 (8.2 ms)
2026-03-24 13:29:35 | INFO | GET /conversations/b3f260b2-bc72-4aea-8197-997e5aa21b3f/messages -> 200 (16.9 ms)
2026-03-24 13:30:19 | INFO | GET /me -> 200 (4.6 ms)
2026-03-24 13:30:19 | INFO | GET /conversations -> 200 (7.0 ms)
2026-03-24 13:30:19 | INFO | GET /conversations/b3f260b2-bc72-4aea-8197-997e5aa21b3f/messages -> 200 (9.4 ms)
2026-03-24 13:30:35 | INFO | GET /me -> 200 (2.6 ms)
2026-03-24 13:30:35 | INFO | GET /me -> 200 (2.7 ms)
2026-03-24 13:30:38 | INFO | GET /me -> 200 (3.4 ms)
2026-03-24 13:30:38 | INFO | GET /me -> 200 (7.1 ms)
2026-03-24 13:30:38 | INFO | GET /conversations -> 200 (10.6 ms)
2026-03-24 13:30:38 | INFO | GET /conversations -> 200 (3.1 ms)
2026-03-24 13:30:47 | INFO | POST /conversations -> 201 (4.6 ms)
2026-03-24 13:30:51 | INFO | POST /chat -> 200 (4356.7 ms)
2026-03-24 13:30:58 | INFO | GET /me -> 200 (3.0 ms)
2026-03-24 13:31:31 | INFO | GET /me -> 200 (2.7 ms)
2026-03-24 13:31:33 | INFO | GET /me -> 200 (2.5 ms)
2026-03-24 13:31:33 | INFO | GET /conversations -> 200 (3.1 ms)
2026-03-24 13:31:33 | INFO | GET /conversations/b3f260b2-bc72-4aea-8197-997e5aa21b3f/messages -> 200 (7.2 ms)
2026-03-24 13:34:17 | INFO | GET /conversations -> 200 (4.1 ms)
2026-03-24 13:34:17 | INFO | GET /me -> 200 (3.6 ms)
2026-03-24 13:34:17 | INFO | GET /conversations/3a4271ce-ac06-4b19-9c7a-95271a18f6ba/messages -> 200 (13.6 ms)
2026-03-24 13:36:18 | INFO | GET /me -> 200 (2.6 ms)
2026-03-24 13:36:19 | INFO | GET /me -> 200 (2.5 ms)
2026-03-24 13:36:19 | INFO | GET /conversations -> 200 (2.4 ms)
2026-03-24 13:36:19 | INFO | GET /conversations/3a4271ce-ac06-4b19-9c7a-95271a18f6ba/messages -> 200 (8.0 ms)
2026-03-24 13:36:21 | INFO | GET /me -> 200 (2.5 ms)
2026-03-24 13:36:22 | INFO | GET /conversations -> 200 (3.9 ms)
2026-03-24 13:36:22 | INFO | GET /me -> 200 (3.5 ms)
2026-03-24 13:36:23 | INFO | GET /conversations/3a4271ce-ac06-4b19-9c7a-95271a18f6ba/messages -> 200 (8.0 ms)
2026-03-24 13:36:23 | INFO | GET /me -> 200 (2.3 ms)
2026-03-24 13:36:24 | INFO | GET /me -> 200 (2.2 ms)
2026-03-24 13:36:25 | INFO | GET /me -> 200 (2.2 ms)
2026-03-24 13:38:11 | INFO | GET /me -> 200 (2.2 ms)
2026-03-24 13:38:14 | INFO | GET /conversations -> 200 (2.8 ms)
2026-03-24 13:38:14 | INFO | GET /me -> 200 (2.9 ms)
2026-03-24 13:38:15 | INFO | GET /conversations/3a4271ce-ac06-4b19-9c7a-95271a18f6ba/messages -> 200 (13.6 ms)
2026-03-24 13:38:17 | INFO | POST /conversations -> 201 (6.8 ms)
2026-03-24 13:38:20 | INFO | DELETE /conversations/3a4271ce-ac06-4b19-9c7a-95271a18f6ba -> 200 (7.6 ms)
2026-03-24 13:38:22 | INFO | POST /conversations -> 201 (4.3 ms)
2026-03-24 13:39:42 | INFO | POST /conversations -> 201 (4.6 ms)
2026-03-24 13:39:43 | INFO | POST /conversations -> 201 (4.3 ms)
2026-03-24 13:39:43 | INFO | POST /conversations -> 201 (4.1 ms)
2026-03-24 13:39:43 | INFO | POST /conversations -> 201 (4.6 ms)
2026-03-24 13:39:43 | INFO | POST /conversations -> 201 (5.1 ms)
2026-03-24 13:39:43 | INFO | POST /conversations -> 201 (3.9 ms)
2026-03-24 13:39:44 | INFO | GET /me -> 200 (2.3 ms)
2026-03-24 13:39:46 | INFO | GET /conversations -> 200 (4.3 ms)
2026-03-24 13:39:46 | INFO | GET /me -> 200 (2.7 ms)
2026-03-24 13:39:46 | INFO | GET /conversations/24fca07f-6010-481f-a686-735a72ca9e5d/messages -> 200 (4.4 ms)
2026-03-24 13:39:47 | INFO | POST /conversations -> 201 (4.0 ms)
2026-03-24 13:39:47 | INFO | POST /conversations -> 201 (4.2 ms)
2026-03-24 13:39:47 | INFO | POST /conversations -> 201 (5.5 ms)
2026-03-24 13:39:48 | INFO | POST /conversations -> 201 (4.1 ms)
2026-03-24 13:39:48 | INFO | POST /conversations -> 201 (3.9 ms)
2026-03-24 13:39:48 | INFO | POST /conversations -> 201 (4.7 ms)
2026-03-24 13:39:53 | INFO | POST /conversations -> 201 (4.5 ms)
2026-03-24 13:39:53 | INFO | POST /conversations -> 201 (4.9 ms)
2026-03-24 13:39:53 | INFO | POST /conversations -> 201 (4.5 ms)
2026-03-24 13:40:42 | INFO | POST /conversations -> 201 (4.8 ms)
2026-03-24 13:40:50 | INFO | POST /conversations -> 201 (7.2 ms)
2026-03-24 13:40:50 | INFO | POST /conversations -> 201 (4.5 ms)
2026-03-24 13:40:50 | INFO | POST /conversations -> 201 (5.2 ms)
2026-03-24 13:41:19 | INFO | GET /me -> 200 (2.7 ms)
2026-03-24 13:41:31 | INFO | GET /me -> 200 (2.8 ms)
2026-03-24 13:45:22 | INFO | GET /conversations -> 200 (3.1 ms)
2026-03-24 13:45:23 | INFO | GET /conversations/c2623d41-228f-46e0-b56d-e2fd5699800c/messages -> 200 (3.9 ms)
2026-03-24 13:45:32 | INFO | GET /conversations -> 200 (3.3 ms)
2026-03-24 13:45:32 | INFO | GET /conversations/c2623d41-228f-46e0-b56d-e2fd5699800c/messages -> 200 (4.5 ms)
2026-03-24 13:45:40 | INFO | GET /me -> 200 (2.7 ms)
2026-03-24 13:46:01 | INFO | GET /conversations -> 200 (4.2 ms)
2026-03-24 13:46:01 | INFO | GET /conversations/c2623d41-228f-46e0-b56d-e2fd5699800c/messages -> 200 (4.7 ms)
2026-03-24 13:46:08 | INFO | GET /conversations -> 200 (4.0 ms)
2026-03-24 13:46:08 | INFO | GET /me -> 200 (2.1 ms)
2026-03-24 13:46:09 | INFO | GET /conversations/c2623d41-228f-46e0-b56d-e2fd5699800c/messages -> 200 (4.0 ms)
2026-03-24 13:46:12 | INFO | DELETE /conversations/c2623d41-228f-46e0-b56d-e2fd5699800c -> 200 (4.6 ms)
2026-03-24 13:46:14 | INFO | DELETE /conversations/dffaedae-8f26-4715-85df-a10de9cd2c30 -> 200 (3.3 ms)
2026-03-24 13:46:16 | INFO | DELETE /conversations/f6147f9b-106a-4b56-a37a-408b149c73d7 -> 200 (3.4 ms)
2026-03-24 13:46:18 | INFO | DELETE /conversations/47883d06-fc1f-4010-9ceb-2f5359dd0cfc -> 200 (4.6 ms)
2026-03-24 13:46:25 | INFO | DELETE /conversations/f4874e55-d9fe-4a70-8e1b-3beb7bafcd9e -> 200 (3.4 ms)
2026-03-24 13:46:27 | INFO | DELETE /conversations/d441ccb5-8a87-4566-a293-d4c4bca6851c -> 200 (3.8 ms)
2026-03-24 13:46:31 | INFO | DELETE /conversations/351a1e9c-6b0f-4094-aaed-ff22695a92cc -> 200 (3.7 ms)
2026-03-24 13:46:33 | INFO | DELETE /conversations/b8b1716c-306e-4239-9d57-20ca0c113967 -> 200 (3.8 ms)
2026-03-24 13:46:37 | INFO | DELETE /conversations/ac300dbf-42f2-43c3-a280-f4ad10c59a83 -> 200 (4.2 ms)
2026-03-24 13:46:39 | INFO | DELETE /conversations/420526ed-5399-4b62-96b0-00cab59434f6 -> 200 (4.6 ms)
2026-03-24 13:46:42 | INFO | DELETE /conversations/a137f8e0-3477-4ee4-a9f1-ee51824cdec6 -> 200 (4.2 ms)
2026-03-24 13:46:45 | INFO | DELETE /conversations/62cda19a-ef40-446b-a228-0de8eb54e52c -> 200 (3.6 ms)
2026-03-24 13:46:47 | INFO | DELETE /conversations/3f6e7fe4-35ba-4030-a264-de60b8829188 -> 200 (3.8 ms)
2026-03-24 13:46:49 | INFO | DELETE /conversations/0bc223de-45b0-48b3-b07b-b8d508b3636c -> 200 (4.0 ms)
2026-03-24 13:46:53 | INFO | DELETE /conversations/a29fb240-39a7-45bd-91b6-398f808cf8c3 -> 200 (3.9 ms)
2026-03-24 13:46:55 | INFO | DELETE /conversations/24fca07f-6010-481f-a686-735a72ca9e5d -> 200 (3.3 ms)
2026-03-24 13:46:58 | INFO | DELETE /conversations/4b1a9cb7-e4a3-4f4a-8649-4be4c3e626ed -> 200 (3.5 ms)
2026-03-24 13:47:00 | INFO | DELETE /conversations/b92d55d6-5599-44a6-bf91-ae786fc020ed -> 200 (3.2 ms)
2026-03-24 13:47:03 | INFO | DELETE /conversations/cd8e03b6-865c-41ce-8cdc-4f9cf37ecd4f -> 200 (3.3 ms)
2026-03-24 13:47:05 | INFO | DELETE /conversations/629cebd8-3db8-40f3-886b-e6565b39fa19 -> 200 (3.4 ms)
2026-03-24 13:47:08 | INFO | DELETE /conversations/76837ea2-6941-4f46-be2c-27b9d9058629 -> 200 (3.2 ms)
2026-03-24 13:47:10 | INFO | GET /me -> 200 (2.3 ms)
2026-03-24 13:47:14 | INFO | GET /conversations -> 200 (5.2 ms)
2026-03-24 13:47:14 | INFO | GET /me -> 200 (2.3 ms)
2026-03-24 13:48:36 | INFO | POST /conversations -> 201 (6.7 ms)
2026-03-24 13:48:38 | INFO | GET /me -> 200 (2.7 ms)
2026-03-24 13:48:40 | INFO | GET /me -> 200 (3.0 ms)
2026-03-24 13:48:40 | INFO | GET /conversations -> 200 (3.7 ms)
2026-03-24 13:48:40 | INFO | GET /conversations/f4b9a355-1268-4a47-9fd7-f97ab8e62248/messages -> 200 (5.4 ms)
2026-03-24 13:48:43 | INFO | DELETE /conversations/f4b9a355-1268-4a47-9fd7-f97ab8e62248 -> 200 (5.3 ms)
2026-03-24 13:48:46 | INFO | POST /conversations -> 201 (6.3 ms)
2026-03-24 13:48:53 | INFO | GET /me -> 200 (3.2 ms)
2026-03-24 13:48:54 | INFO | GET /conversations -> 200 (3.6 ms)
2026-03-24 13:48:54 | INFO | GET /me -> 200 (2.7 ms)
2026-03-24 13:48:54 | INFO | GET /conversations/3ecd8299-f63e-4fb7-b507-5aec8e17a904/messages -> 200 (5.1 ms)
2026-03-24 13:48:57 | INFO | DELETE /conversations/3ecd8299-f63e-4fb7-b507-5aec8e17a904 -> 200 (6.8 ms)
2026-03-24 13:49:14 | INFO | GET /me -> 200 (3.9 ms)
2026-03-24 13:49:16 | INFO | GET /conversations -> 200 (3.2 ms)
2026-03-24 13:49:16 | INFO | GET /me -> 200 (2.2 ms)
2026-03-24 13:49:17 | INFO | GET /me -> 200 (2.1 ms)
2026-03-24 13:51:15 | INFO | POST /auth/google -> 200 (688.9 ms)
2026-03-24 13:51:15 | INFO | GET /me -> 200 (2.7 ms)
2026-03-24 13:51:18 | INFO | GET /me -> 200 (2.9 ms)
2026-03-24 13:51:54 | INFO | GET /me -> 200 (4.7 ms)
2026-03-24 13:51:54 | INFO | GET /conversations -> 200 (6.2 ms)
2026-03-24 13:51:55 | INFO | GET /me -> 200 (2.8 ms)
2026-03-24 13:51:58 | INFO | GET /me -> 200 (2.9 ms)
2026-03-24 13:51:58 | INFO | GET /conversations -> 200 (4.4 ms)
2026-03-24 13:51:58 | INFO | GET /conversations/b3f260b2-bc72-4aea-8197-997e5aa21b3f/messages -> 200 (7.8 ms)
2026-03-24 13:52:01 | INFO | GET /me -> 200 (3.0 ms)
2026-03-24 13:52:04 | INFO | GET /me -> 200 (3.2 ms)
2026-03-24 13:52:05 | INFO | GET /me -> 200 (3.1 ms)
2026-03-24 13:52:05 | INFO | GET /me -> 200 (3.8 ms)
2026-03-24 13:52:06 | INFO | GET /me -> 200 (3.1 ms)
2026-03-24 13:52:22 | INFO | GET /me -> 200 (3.3 ms)
2026-03-24 13:52:22 | INFO | GET /conversations -> 200 (6.2 ms)
2026-03-24 13:52:23 | INFO | POST /conversations -> 201 (5.1 ms)
2026-03-24 13:52:48 | INFO | GET /me -> 200 (5.1 ms)
2026-03-24 13:52:48 | INFO | POST /chat -> 200 (13949.5 ms)
2026-03-24 13:52:54 | INFO | GET /me -> 200 (2.2 ms)
2026-03-24 13:53:11 | INFO | POST /conversations -> 201 (4.4 ms)
2026-03-24 13:54:35 | INFO | POST /chat/messages/welcome_36c94db4-8d64-4a2d-8dc1-d8720a89b1cf/feedback -> 422 (28.3 ms)
2026-03-24 13:54:36 | INFO | POST /chat/messages/welcome_36c94db4-8d64-4a2d-8dc1-d8720a89b1cf/feedback -> 422 (3.3 ms)
2026-03-24 13:54:42 | INFO | POST /chat -> 200 (2508.1 ms)
2026-03-24 13:54:46 | INFO | O-Query: chào | Rewritten: chào
2026-03-24 13:54:49 | INFO | POST /chat -> 200 (4303.4 ms)
2026-03-24 13:55:16 | INFO | O-Query: chào | Rewritten: chào
2026-03-24 13:55:19 | INFO | POST /chat -> 200 (4423.4 ms)
2026-03-24 19:31:28 | INFO | Logger initialized (level=INFO, file=logs/app.log)
2026-03-24 19:31:29 | INFO | Startup completed: admin ensured.
2026-03-24 19:44:00 | INFO | GET / -> 200 (1.1 ms)
2026-03-24 19:48:04 | INFO | GET /me -> 200 (202.9 ms)
2026-03-24 19:48:05 | INFO | GET /me -> 200 (2.8 ms)
2026-03-24 19:48:12 | INFO | GET /me -> 200 (3.0 ms)
2026-03-24 19:48:12 | INFO | GET /me -> 200 (4.6 ms)
2026-03-24 19:48:14 | INFO | GET /uploads/user_4_6904d284.jpg -> 200 (3.3 ms)
2026-03-24 19:48:25 | INFO | POST /upload-avatar -> 200 (20.0 ms)
2026-03-24 19:48:25 | INFO | GET /uploads/user_4_469724c3.jpg -> 200 (1.6 ms)
2026-03-24 19:48:28 | INFO | GET /me -> 200 (4.9 ms)
2026-03-24 19:48:28 | INFO | GET /conversations -> 200 (17.3 ms)
2026-03-24 19:48:28 | INFO | GET /me -> 200 (76.5 ms)
2026-03-24 19:48:28 | INFO | GET /uploads/user_4_469724c3.jpg -> 200 (1.4 ms)
2026-03-24 19:48:28 | INFO | GET /conversations -> 200 (4.9 ms)
2026-03-24 19:48:28 | INFO | GET /conversations/59578e89-5bc0-4f1f-b9ca-7f2c7838251b/messages -> 200 (69.7 ms)
2026-03-24 19:48:29 | INFO | GET /conversations/59578e89-5bc0-4f1f-b9ca-7f2c7838251b/messages -> 200 (25.7 ms)
2026-03-24 19:48:40 | INFO | O-Query: nghe tao nói gì không Brôm | Rewritten: nghe tao nói gì không Brôm
2026-03-24 19:48:45 | INFO | Loading query embedding model: BAAI/bge-m3
2026-03-24 19:48:57 | INFO | POST /chat -> 200 (21360.4 ms)
2026-03-24 19:53:27 | INFO | POST /signup -> 201 (16.2 ms)
2026-03-24 19:53:42 | INFO | POST /login -> 401 (4.7 ms)
2026-03-24 19:53:50 | INFO | POST /login -> 401 (5.3 ms)
2026-03-24 19:54:25 | INFO | GET /me -> 200 (4.2 ms)
2026-03-24 19:54:36 | INFO | POST /auth/google -> 200 (581.5 ms)
2026-03-24 19:54:36 | INFO | GET /me -> 200 (4.2 ms)
2026-03-24 19:55:04 | INFO | POST /login -> 200 (2.7 ms)
2026-03-24 19:55:04 | INFO | GET /me -> 200 (2.2 ms)
2026-03-24 19:55:04 | INFO | GET /admin/analytics -> 200 (17.3 ms)
2026-03-24 19:55:05 | INFO | GET /uploads/user_1_fc1cb397.jpg -> 200 (1.2 ms)
2026-03-24 19:55:12 | INFO | GET /me -> 200 (3.2 ms)
2026-03-24 19:55:24 | INFO | GET /conversations -> 200 (5.3 ms)
2026-03-24 19:55:28 | INFO | POST /conversations -> 201 (8.3 ms)
2026-03-24 19:55:32 | INFO | POST /chat -> 200 (2670.5 ms)
2026-03-24 19:55:39 | INFO | GET /me -> 200 (4.8 ms)
2026-03-24 19:55:39 | INFO | GET /conversations -> 200 (8.6 ms)
2026-03-24 19:55:39 | INFO | GET /conversations/db410117-59f7-41c3-9489-c3853fbb6b43/messages -> 200 (13.1 ms)
2026-03-24 19:56:34 | INFO | GET /me -> 200 (3.4 ms)
2026-03-24 19:59:52 | INFO | GET /me -> 200 (3.7 ms)
2026-03-24 20:15:23 | INFO | POST /auth/google -> 200 (556.6 ms)
2026-03-24 20:15:23 | INFO | GET /me -> 200 (3.2 ms)
2026-03-24 20:15:36 | INFO | GET /me -> 200 (2.9 ms)
2026-03-24 20:15:46 | INFO | GET /me -> 200 (3.6 ms)
2026-03-24 20:15:47 | INFO | GET /conversations -> 200 (6.2 ms)
2026-03-24 20:16:00 | INFO | POST /conversations -> 201 (10.7 ms)
2026-03-24 20:19:43 | INFO | POST /auth/google -> 200 (462.6 ms)
2026-03-24 20:19:43 | INFO | GET /me -> 200 (2.7 ms)
2026-03-24 20:19:47 | INFO | GET /me -> 200 (3.2 ms)
2026-03-24 20:19:47 | INFO | GET /conversations -> 200 (4.0 ms)
2026-03-24 20:19:47 | INFO | GET /conversations/b3f260b2-bc72-4aea-8197-997e5aa21b3f/messages -> 200 (31.7 ms)
2026-03-24 20:19:48 | INFO | GET /me -> 200 (3.5 ms)
2026-03-24 20:20:08 | INFO | POST /auth/google -> 200 (548.5 ms)
2026-03-24 20:20:08 | INFO | GET /me -> 200 (3.4 ms)
2026-03-24 20:24:51 | INFO | POST /login -> 200 (3.0 ms)
2026-03-24 20:24:52 | INFO | GET /me -> 200 (2.9 ms)
2026-03-24 20:24:52 | INFO | GET /admin/analytics -> 200 (33.2 ms)
2026-03-24 20:24:52 | INFO | GET /me -> 200 (2.4 ms)
2026-03-24 20:24:52 | INFO | GET /admin/analytics -> 200 (10.4 ms)
2026-03-24 20:24:52 | INFO | GET /uploads/user_1_fc1cb397.jpg -> 200 (10.2 ms)
2026-03-24 20:24:55 | INFO | GET /me -> 200 (2.6 ms)
2026-03-24 20:24:56 | INFO | GET /me -> 200 (2.3 ms)
2026-03-24 20:27:18 | INFO | POST /auth/google -> 200 (567.9 ms)
2026-03-24 20:27:18 | INFO | GET /me -> 200 (3.1 ms)
2026-03-24 20:27:18 | INFO | GET /me -> 200 (2.6 ms)
2026-03-24 20:27:18 | INFO | GET /uploads/user_4_469724c3.jpg -> 200 (1.9 ms)
2026-03-24 20:27:20 | INFO | GET /me -> 200 (3.2 ms)
2026-03-24 20:27:20 | INFO | GET /me -> 200 (2.7 ms)
2026-03-24 20:27:25 | INFO | GET /me -> 200 (3.7 ms)
2026-03-24 20:27:25 | INFO | GET /conversations -> 200 (3.4 ms)
2026-03-24 20:27:25 | INFO | GET /me -> 200 (2.3 ms)
2026-03-24 20:27:25 | INFO | GET /conversations -> 200 (6.0 ms)
2026-03-24 20:27:25 | INFO | GET /conversations/59578e89-5bc0-4f1f-b9ca-7f2c7838251b/messages -> 200 (14.1 ms)
2026-03-24 20:27:25 | INFO | GET /conversations/59578e89-5bc0-4f1f-b9ca-7f2c7838251b/messages -> 200 (10.1 ms)
2026-03-24 20:27:33 | INFO | O-Query: cho tôi thông tin về Đại học Văn Lang | Rewritten: cho tôi thông tin về Đại học Văn Lang
2026-03-24 20:27:36 | INFO | POST /chat -> 200 (6138.4 ms)
2026-03-24 20:29:46 | INFO | GET /me -> 200 (3.3 ms)
2026-03-24 20:29:47 | INFO | GET /me -> 200 (2.4 ms)
2026-03-24 20:30:04 | INFO | GET /me -> 200 (6.5 ms)
2026-03-24 20:30:04 | INFO | GET /conversations -> 200 (9.7 ms)
2026-03-24 20:30:04 | INFO | GET /me -> 200 (3.3 ms)
2026-03-24 20:30:05 | INFO | GET /conversations -> 200 (3.9 ms)
2026-03-24 20:30:05 | INFO | GET /conversations/59578e89-5bc0-4f1f-b9ca-7f2c7838251b/messages -> 200 (14.9 ms)
2026-03-24 20:30:05 | INFO | GET /conversations/59578e89-5bc0-4f1f-b9ca-7f2c7838251b/messages -> 200 (10.4 ms)
2026-03-24 20:32:05 | INFO | GET /me -> 200 (2.6 ms)
2026-03-24 20:32:07 | INFO | GET /me -> 200 (2.4 ms)
2026-03-24 20:32:07 | INFO | GET /conversations -> 200 (2.8 ms)
2026-03-24 20:32:07 | INFO | GET /conversations/ba71b2e8-92f5-44d6-a416-a2dbb05cb5eb/messages -> 200 (3.7 ms)
2026-03-24 20:32:09 | INFO | GET /conversations -> 200 (4.2 ms)
2026-03-24 20:32:09 | INFO | GET /me -> 200 (3.1 ms)
2026-03-24 20:32:09 | INFO | GET /conversations/ba71b2e8-92f5-44d6-a416-a2dbb05cb5eb/messages -> 200 (3.8 ms)
2026-03-24 20:32:19 | INFO | GET /me -> 200 (2.2 ms)
2026-03-24 20:32:33 | INFO | POST /auth/google -> 200 (487.7 ms)
2026-03-24 20:32:33 | INFO | GET /me -> 200 (2.5 ms)
2026-03-24 20:32:40 | INFO | GET /me -> 200 (4.0 ms)
2026-03-24 20:32:40 | INFO | GET /conversations -> 200 (5.4 ms)
2026-03-24 20:32:42 | INFO | GET /conversations/ba71b2e8-92f5-44d6-a416-a2dbb05cb5eb/messages -> 200 (4.4 ms)
2026-03-24 20:32:52 | INFO | POST /conversations -> 201 (11.6 ms)
2026-03-24 20:33:22 | INFO | POST /chat -> 200 (3426.7 ms)
2026-03-24 20:33:36 | INFO | POST /auth/google -> 200 (511.5 ms)
2026-03-24 20:33:36 | INFO | GET /me -> 200 (3.1 ms)
2026-03-24 20:33:52 | INFO | POST /upload-avatar -> 200 (54.8 ms)
2026-03-24 20:34:11 | INFO | GET /me -> 200 (3.2 ms)
2026-03-24 20:34:11 | INFO | GET /conversations -> 200 (3.7 ms)
2026-03-24 20:34:11 | INFO | GET /uploads/user_4_7508e55c.jpg -> 200 (1.8 ms)
2026-03-24 20:34:11 | INFO | GET /conversations/b3f260b2-bc72-4aea-8197-997e5aa21b3f/messages -> 200 (7.7 ms)
2026-03-24 20:35:17 | INFO | O-Query: Hello | Rewritten: Hello
2026-03-24 20:35:21 | INFO | POST /chat -> 200 (5636.1 ms)
2026-03-24 20:37:02 | INFO | POST /login -> 200 (2.8 ms)
2026-03-24 20:37:03 | INFO | GET /me -> 200 (2.8 ms)
2026-03-24 20:37:03 | INFO | GET /admin/analytics -> 200 (12.7 ms)
2026-03-24 20:37:03 | INFO | GET /me -> 200 (3.7 ms)
2026-03-24 20:37:03 | INFO | GET /admin/analytics -> 200 (7.4 ms)
2026-03-24 20:43:35 | INFO | POST /auth/google -> 200 (499.6 ms)
2026-03-24 20:43:35 | INFO | GET /me -> 200 (2.4 ms)
2026-03-24 20:43:48 | INFO | GET /me -> 200 (2.6 ms)
2026-03-24 20:43:48 | INFO | GET /conversations -> 200 (2.7 ms)
2026-03-24 20:44:46 | INFO | POST /upload-avatar -> 200 (531.7 ms)
2026-03-24 20:44:46 | INFO | GET /uploads/user_13_48d5f872.jpg -> 200 (1.5 ms)
2026-03-24 20:44:56 | INFO | PUT /update-profile -> 200 (16.5 ms)
2026-03-24 20:45:06 | INFO | PUT /update-profile -> 200 (5.2 ms)
2026-03-24 20:45:16 | INFO | POST /conversations -> 201 (4.8 ms)
2026-03-24 20:45:33 | INFO | POST /chat -> 200 (8817.9 ms)
2026-03-24 20:46:22 | INFO | O-Query: Nếu đau răng thì sao | Rewritten: Nếu đau răng thì sao
2026-03-24 20:46:33 | INFO | POST /chat -> 200 (12981.2 ms)
2026-03-24 20:46:59 | INFO | GET /me -> 200 (3.4 ms)
2026-03-24 20:47:00 | INFO | GET /me -> 200 (3.2 ms)
2026-03-24 20:47:00 | INFO | GET /me -> 200 (2.7 ms)
2026-03-24 20:47:00 | INFO | GET /me -> 200 (3.9 ms)
2026-03-24 20:47:02 | INFO | GET /me -> 200 (2.8 ms)
2026-03-24 20:47:02 | INFO | GET /conversations -> 200 (3.5 ms)
2026-03-24 20:47:02 | INFO | GET /me -> 200 (3.3 ms)
2026-03-24 20:47:02 | INFO | GET /conversations -> 200 (3.6 ms)
2026-03-24 20:47:53 | INFO | O-Query: tôi bị u não thất trái thì làm ntn | Rewritten: tôi bị u não thất trái thì làm ntn
2026-03-24 20:48:04 | INFO | POST /chat -> 200 (12816.8 ms)
2026-03-24 20:48:04 | INFO | POST /conversations -> 201 (461.9 ms)
2026-03-24 20:48:04 | INFO | POST /conversations -> 201 (484.6 ms)
2026-03-24 20:48:04 | INFO | POST /conversations -> 201 (486.7 ms)
2026-03-24 20:48:04 | INFO | POST /conversations -> 201 (490.4 ms)
2026-03-24 20:48:04 | INFO | POST /conversations -> 201 (494.1 ms)
2026-03-24 20:48:04 | INFO | POST /conversations -> 201 (495.6 ms)
2026-03-24 20:48:04 | INFO | POST /conversations -> 201 (498.5 ms)
2026-03-24 20:48:04 | INFO | POST /conversations -> 201 (499.3 ms)
2026-03-24 20:48:04 | INFO | POST /conversations -> 201 (499.9 ms)
2026-03-24 20:48:04 | INFO | POST /conversations -> 201 (501.1 ms)
2026-03-24 20:48:04 | INFO | POST /conversations -> 201 (502.1 ms)
2026-03-24 20:48:05 | INFO | POST /login -> 200 (4.1 ms)
2026-03-24 20:48:06 | INFO | GET /uploads/user_4_7508e55c.jpg -> 304 (1.5 ms)
2026-03-24 20:48:06 | INFO | GET /me -> 200 (3.7 ms)
2026-03-24 20:48:06 | INFO | GET /admin/analytics -> 200 (31.2 ms)
2026-03-24 20:48:06 | INFO | GET /uploads/user_1_fc1cb397.jpg -> 200 (1.5 ms)
2026-03-24 20:48:09 | INFO | DELETE /conversations/8358b182-7bc8-4baa-bd38-3f21341ca0dd -> 200 (13.4 ms)
2026-03-24 20:48:11 | INFO | DELETE /conversations/d5023208-5dc0-4bab-a201-5c670ea59764 -> 200 (5.3 ms)
2026-03-24 20:48:14 | INFO | DELETE /conversations/7344ea4f-f9e9-4743-83e5-ca249fb7a672 -> 200 (4.9 ms)
2026-03-24 20:48:15 | INFO | GET /admin/users -> 200 (19.6 ms)
2026-03-24 20:48:16 | INFO | GET /uploads/user_2.jpg -> 200 (1.3 ms)
2026-03-24 20:48:17 | INFO | DELETE /conversations/5bc5c8de-9de9-4f1a-8097-7d8a5846834f -> 200 (5.0 ms)
2026-03-24 20:48:18 | INFO | GET /admin/users -> 200 (6.6 ms)
2026-03-24 20:48:19 | INFO | GET /uploads/user_9_47247b53.jpg -> 200 (1.2 ms)
2026-03-24 20:48:19 | INFO | DELETE /conversations/43da35a2-42ab-417f-858c-369ee0af5757 -> 200 (4.1 ms)
2026-03-24 20:48:22 | INFO | DELETE /conversations/fe75bc91-aa79-4586-91c2-895db5c7b94b -> 200 (3.4 ms)
2026-03-24 20:48:22 | INFO | GET /admin/users -> 200 (4.5 ms)
2026-03-24 20:48:22 | INFO | GET /uploads/user_13_48d5f872.jpg -> 200 (1.2 ms)
2026-03-24 20:48:24 | INFO | GET /admin/users -> 200 (6.4 ms)
2026-03-24 20:48:24 | INFO | DELETE /conversations/755815d2-0ee4-4d9d-a59d-c08e14137b7e -> 200 (5.0 ms)
2026-03-24 20:48:26 | INFO | GET /admin/settings -> 200 (2.6 ms)
2026-03-24 20:48:26 | INFO | GET /admin/me -> 200 (5.9 ms)
2026-03-24 20:48:26 | INFO | DELETE /conversations/9704f42d-9dd8-4b18-a8cf-d5ecda1c4b85 -> 200 (4.0 ms)
2026-03-24 20:48:26 | INFO | GET /admin/analytics -> 200 (11.5 ms)
2026-03-24 20:48:29 | INFO | DELETE /conversations/1e95cf71-d6e2-4c0d-a298-0e030c0d5e12 -> 200 (3.8 ms)
2026-03-24 20:48:32 | INFO | DELETE /conversations/194fa5b1-d2be-4156-bba0-0acbc6d55129 -> 200 (3.9 ms)
2026-03-24 20:48:57 | INFO | O-Query: Cho tôi liều thuốc được ko | Rewritten: Bạn có thể cho tôi liều thuốc để điều trị u não thất trái không?
2026-03-24 20:49:09 | INFO | POST /chat -> 200 (16435.3 ms)
2026-03-24 20:49:09 | INFO | POST /chat -> 200 (12141.7 ms)
2026-03-24 20:49:32 | INFO | O-Query: bạn bt gì về rmit | Rewritten: bạn bt gì về rmit
2026-03-24 20:49:35 | INFO | POST /chat -> 200 (4854.8 ms)
2026-03-24 20:50:03 | INFO | O-Query: bạn bt gì về propofol | Rewritten: bạn bt gì về propofol
2026-03-24 20:50:08 | INFO | POST /chat -> 200 (7761.3 ms)
2026-03-24 20:50:53 | INFO | GET /me -> 200 (2.5 ms)
2026-03-24 20:50:53 | INFO | GET /uploads/user_13_48d5f872.jpg -> 200 (1.2 ms)
2026-03-24 20:50:55 | INFO | GET /me -> 200 (2.3 ms)
2026-03-24 20:50:56 | INFO | GET /conversations -> 200 (4.0 ms)
2026-03-24 20:50:56 | INFO | GET /conversations/6c8da977-6720-41d7-a68d-f39c1a9662c7/messages -> 200 (14.5 ms)
2026-03-24 20:51:00 | INFO | GET /me -> 200 (2.9 ms)
2026-03-24 20:51:04 | INFO | GET /me -> 200 (2.9 ms)
2026-03-24 20:51:04 | INFO | GET /admin/analytics -> 200 (9.8 ms)
2026-03-24 20:51:07 | INFO | GET /admin/analytics -> 200 (14.7 ms)
2026-03-24 20:51:08 | INFO | GET /admin/users -> 200 (5.9 ms)
2026-03-24 20:51:08 | INFO | GET /uploads/user_4_7508e55c.jpg -> 304 (1.4 ms)
2026-03-24 20:51:11 | INFO | GET /conversations -> 200 (8.8 ms)
2026-03-24 20:51:11 | INFO | GET /me -> 200 (3.1 ms)
2026-03-24 20:51:11 | INFO | GET /me -> 200 (5.5 ms)
2026-03-24 20:51:12 | INFO | GET /conversations -> 200 (5.8 ms)
2026-03-24 20:51:17 | INFO | GET /me -> 200 (3.4 ms)
2026-03-24 20:51:17 | INFO | GET /me -> 200 (3.0 ms)
2026-03-24 20:51:19 | INFO | GET /me -> 200 (2.8 ms)
2026-03-24 20:51:19 | INFO | GET /me -> 200 (4.8 ms)
2026-03-24 20:51:19 | INFO | GET /admin/analytics -> 200 (16.9 ms)
2026-03-24 20:51:19 | INFO | GET /admin/analytics -> 200 (28.9 ms)
2026-03-24 20:51:20 | INFO | GET /admin/analytics -> 200 (11.2 ms)
2026-03-24 20:51:21 | INFO | GET /admin/analytics -> 200 (29.7 ms)
2026-03-24 20:51:22 | INFO | GET /admin/users -> 200 (6.1 ms)
2026-03-24 20:51:22 | INFO | GET /admin/users -> 200 (5.5 ms)
2026-03-24 20:51:38 | INFO | GET /me -> 200 (2.2 ms)
2026-03-24 20:51:38 | INFO | GET /uploads/user_13_48d5f872.jpg -> 304 (1.2 ms)
2026-03-24 20:51:39 | INFO | GET /me -> 200 (2.3 ms)
2026-03-24 20:51:41 | INFO | GET /conversations -> 200 (3.5 ms)
2026-03-24 20:51:41 | INFO | GET /conversations/6c8da977-6720-41d7-a68d-f39c1a9662c7/messages -> 200 (7.7 ms)
2026-03-24 20:51:54 | INFO | GET /conversations/2247d3ab-e7eb-4f25-a8cf-f80cbc32e751/messages -> 200 (12.0 ms)
2026-03-24 20:51:55 | INFO | GET /conversations/2247d3ab-e7eb-4f25-a8cf-f80cbc32e751/messages -> 200 (8.8 ms)
2026-03-24 20:52:36 | INFO | O-Query: tôi đang bị đau răng thì có thể giảm đau bằng diclofenac không | Rewritten: tôi đang bị đau răng thì có thể giảm đau bằng diclofenac không
2026-03-24 20:52:45 | INFO | GET /me -> 200 (12.2 ms)
2026-03-24 20:52:45 | INFO | GET /me -> 200 (14.5 ms)
2026-03-24 20:52:45 | INFO | GET /conversations -> 200 (16.7 ms)
2026-03-24 20:52:45 | INFO | GET /conversations -> 200 (17.8 ms)
2026-03-24 20:52:45 | INFO | POST /chat -> 200 (11034.3 ms)
2026-03-24 20:52:45 | INFO | GET /conversations/2247d3ab-e7eb-4f25-a8cf-f80cbc32e751/messages -> 200 (15.3 ms)
2026-03-24 20:52:45 | INFO | GET /uploads/user_13_48d5f872.jpg -> 304 (1.8 ms)
2026-03-24 20:53:54 | INFO | O-Query: tôi đang bị gì lúc đầu | Rewritten: Tình trạng đau răng mà tôi đã đề cập lúc đầu là gì?
2026-03-24 20:54:00 | INFO | GET /me -> 200 (5772.2 ms)
2026-03-24 20:54:00 | INFO | POST /chat -> 200 (23304.2 ms)
2026-03-24 20:54:00 | INFO | GET /admin/analytics -> 200 (5783.3 ms)
2026-03-24 20:54:06 | INFO | GET /admin/users -> 200 (5.4 ms)
2026-03-24 20:54:06 | INFO | GET /admin/users -> 200 (5.7 ms)
2026-03-24 20:54:06 | INFO | GET /admin/analytics -> 200 (10.7 ms)
2026-03-24 20:54:06 | INFO | GET /admin/analytics -> 200 (10.6 ms)
2026-03-24 20:54:07 | INFO | GET /admin/users -> 200 (4.8 ms)
2026-03-24 20:54:08 | INFO | GET /admin/users -> 200 (6.0 ms)
2026-03-24 20:54:08 | INFO | GET /uploads/user_4_7508e55c.jpg -> 200 (1.3 ms)
2026-03-24 20:54:08 | INFO | GET /admin/analytics -> 200 (11.0 ms)
2026-03-24 20:54:08 | INFO | GET /admin/analytics -> 200 (11.3 ms)
2026-03-24 20:54:19 | INFO | GET /conversations -> 200 (3.2 ms)
2026-03-24 20:54:20 | INFO | GET /conversations/2247d3ab-e7eb-4f25-a8cf-f80cbc32e751/messages -> 200 (10.9 ms)
2026-03-24 20:54:26 | INFO | GET /conversations -> 200 (3.3 ms)
2026-03-24 20:54:26 | INFO | GET /conversations/2247d3ab-e7eb-4f25-a8cf-f80cbc32e751/messages -> 200 (9.5 ms)
2026-03-24 20:54:31 | INFO | GET /conversations -> 200 (3.1 ms)
2026-03-24 20:54:31 | INFO | GET /conversations/2247d3ab-e7eb-4f25-a8cf-f80cbc32e751/messages -> 200 (8.8 ms)
2026-03-24 20:55:49 | INFO | GET /conversations -> 200 (3.3 ms)
2026-03-24 20:55:49 | INFO | GET /me -> 200 (2.2 ms)
2026-03-24 20:55:49 | INFO | GET /conversations/2247d3ab-e7eb-4f25-a8cf-f80cbc32e751/messages -> 200 (8.7 ms)
2026-03-24 20:55:49 | INFO | GET /uploads/user_13_48d5f872.jpg -> 304 (1.1 ms)
2026-03-24 20:56:00 | INFO | GET /conversations/6c8da977-6720-41d7-a68d-f39c1a9662c7/messages -> 200 (7.2 ms)
2026-03-24 20:56:01 | INFO | GET /conversations/6c8da977-6720-41d7-a68d-f39c1a9662c7/messages -> 200 (6.6 ms)
2026-03-24 20:56:05 | INFO | GET /me -> 200 (2.2 ms)
2026-03-24 20:56:06 | INFO | GET /me -> 200 (3.3 ms)
2026-03-24 20:56:06 | INFO | GET /conversations -> 200 (6.1 ms)
2026-03-24 20:56:07 | INFO | GET /conversations/2247d3ab-e7eb-4f25-a8cf-f80cbc32e751/messages -> 200 (9.3 ms)
2026-03-24 20:56:11 | INFO | GET /admin/analytics -> 200 (9.6 ms)
2026-03-24 20:56:11 | INFO | GET /me -> 200 (2.8 ms)
2026-03-24 20:56:11 | INFO | GET /me -> 200 (3.0 ms)
2026-03-24 20:56:11 | INFO | GET /admin/analytics -> 200 (10.1 ms)
2026-03-24 20:56:14 | INFO | GET /admin/analytics -> 200 (12.1 ms)
2026-03-24 20:56:14 | INFO | GET /admin/analytics -> 200 (10.2 ms)
2026-03-24 20:57:00 | INFO | GET /me -> 200 (2.1 ms)
2026-03-24 20:57:02 | INFO | GET /me -> 200 (3.5 ms)
2026-03-24 20:57:02 | INFO | GET /conversations -> 200 (3.7 ms)
2026-03-24 20:57:02 | INFO | GET /uploads/user_13_48d5f872.jpg -> 304 (1.1 ms)
2026-03-24 20:57:02 | INFO | GET /conversations/2247d3ab-e7eb-4f25-a8cf-f80cbc32e751/messages -> 200 (8.5 ms)
2026-03-24 20:57:03 | INFO | GET /conversations/6c8da977-6720-41d7-a68d-f39c1a9662c7/messages -> 200 (5.9 ms)
2026-03-24 20:57:04 | INFO | GET /conversations/6c8da977-6720-41d7-a68d-f39c1a9662c7/messages -> 200 (6.3 ms)
2026-03-24 20:57:04 | INFO | POST /conversations -> 201 (4.4 ms)
2026-03-24 20:57:12 | INFO | POST /chat -> 200 (3390.0 ms)
2026-03-24 20:57:33 | INFO | O-Query: tôi đnag 5 tuổi | Rewritten: tôi đnag 5 tuổi
2026-03-24 20:57:40 | INFO | POST /chat -> 200 (10140.1 ms)
2026-03-24 20:57:44 | INFO | O-Query: gợi ý về thuốc sốt | Rewritten: gợi ý về thuốc sốt
2026-03-24 20:57:52 | INFO | POST /chat -> 200 (10638.3 ms)
2026-03-24 20:58:06 | INFO | GET /conversations -> 200 (4.4 ms)
2026-03-24 20:58:06 | INFO | GET /me -> 200 (3.7 ms)
2026-03-24 20:58:20 | INFO | GET /me -> 200 (2.5 ms)
2026-03-24 20:58:20 | INFO | GET /me -> 200 (3.1 ms)
2026-03-24 20:58:22 | INFO | GET /me -> 200 (2.8 ms)
2026-03-24 20:58:22 | INFO | GET /conversations -> 200 (8.0 ms)
2026-03-24 20:58:22 | INFO | GET /me -> 200 (6.4 ms)
2026-03-24 20:58:22 | INFO | GET /conversations -> 200 (4.0 ms)
2026-03-24 20:58:43 | INFO | GET /me -> 200 (2.2 ms)
2026-03-24 20:58:47 | INFO | GET /me -> 200 (3.8 ms)
2026-03-24 20:58:47 | INFO | GET /conversations -> 200 (3.9 ms)
2026-03-24 20:58:47 | INFO | GET /conversations/2247d3ab-e7eb-4f25-a8cf-f80cbc32e751/messages -> 200 (12.6 ms)
2026-03-24 20:58:48 | INFO | GET /me -> 200 (3.3 ms)
2026-03-24 20:59:06 | INFO | GET /me -> 200 (3.7 ms)
2026-03-24 20:59:06 | INFO | GET /conversations -> 200 (4.6 ms)
2026-03-24 20:59:21 | INFO | GET /me -> 200 (6.8 ms)
2026-03-24 20:59:21 | INFO | GET /conversations -> 200 (8.0 ms)
2026-03-24 20:59:25 | INFO | DELETE /conversations/db410117-59f7-41c3-9489-c3853fbb6b43 -> 200 (5.3 ms)
2026-03-24 20:59:37 | INFO | POST /auth/google -> 200 (821.5 ms)
2026-03-24 20:59:37 | INFO | GET /me -> 200 (3.2 ms)
2026-03-24 20:59:39 | INFO | GET /me -> 200 (5.0 ms)
2026-03-24 20:59:39 | INFO | GET /conversations -> 200 (5.6 ms)
2026-03-24 20:59:39 | INFO | GET /conversations/b3f260b2-bc72-4aea-8197-997e5aa21b3f/messages -> 200 (10.5 ms)
2026-03-24 21:00:08 | INFO | GET /conversations -> 200 (5.8 ms)
2026-03-24 21:00:08 | INFO | GET /me -> 200 (4.0 ms)
2026-03-24 21:00:09 | INFO | GET /conversations/2247d3ab-e7eb-4f25-a8cf-f80cbc32e751/messages -> 200 (13.9 ms)
2026-03-24 21:00:09 | INFO | GET /uploads/user_13_48d5f872.jpg -> 304 (1.2 ms)
2026-03-24 21:00:20 | INFO | POST /auth/google -> 200 (544.8 ms)
2026-03-24 21:00:20 | INFO | GET /me -> 200 (2.1 ms)
2026-03-24 21:00:22 | INFO | GET /conversations -> 200 (3.9 ms)
2026-03-24 21:00:22 | INFO | GET /me -> 200 (3.4 ms)
2026-03-24 21:00:22 | INFO | GET /conversations/2247d3ab-e7eb-4f25-a8cf-f80cbc32e751/messages -> 200 (10.9 ms)
2026-03-24 21:01:01 | INFO | POST /signup -> 201 (6.7 ms)
2026-03-24 21:01:17 | INFO | POST /login -> 200 (3.0 ms)
2026-03-24 21:01:17 | INFO | GET /me -> 200 (2.3 ms)
2026-03-24 21:01:57 | INFO | POST /upload-avatar -> 200 (343.9 ms)
2026-03-24 21:01:57 | INFO | GET /uploads/user_14_c21764cc.jpg -> 200 (1.6 ms)
2026-03-24 21:02:26 | INFO | GET /me -> 200 (3.9 ms)
2026-03-24 21:02:26 | INFO | GET /conversations -> 200 (3.7 ms)
2026-03-24 21:02:26 | INFO | GET /uploads/user_14_c21764cc.jpg -> 200 (1.0 ms)
2026-03-24 21:02:29 | INFO | GET /me -> 200 (2.2 ms)
2026-03-24 21:02:37 | INFO | GET /me -> 200 (2.3 ms)
2026-03-24 21:02:37 | INFO | GET /uploads/user_14_c21764cc.jpg -> 304 (1.1 ms)
2026-03-24 21:02:38 | INFO | GET /me -> 200 (2.1 ms)
2026-03-24 21:03:06 | INFO | GET /me -> 200 (2.1 ms)
2026-03-24 21:03:06 | INFO | GET /uploads/user_14_c21764cc.jpg -> 304 (1.1 ms)
2026-03-24 21:03:08 | INFO | GET /conversations -> 200 (3.8 ms)
2026-03-24 21:03:08 | INFO | GET /me -> 200 (3.3 ms)
2026-03-24 21:03:40 | INFO | POST /conversations -> 201 (5.0 ms)
2026-03-24 21:03:40 | INFO | POST /chat -> 400 (8.3 ms)
2026-03-24 21:04:04 | INFO | POST /chat -> 200 (15188.6 ms)
2026-03-24 21:09:27 | INFO | POST /auth/google -> 200 (501.9 ms)
2026-03-24 21:09:27 | INFO | GET /me -> 200 (2.2 ms)
2026-03-24 21:09:27 | INFO | GET /me -> 200 (2.6 ms)
2026-03-24 21:09:34 | INFO | GET /me -> 200 (8.2 ms)
2026-03-24 21:09:34 | INFO | GET /conversations -> 200 (10.7 ms)
2026-03-24 21:09:34 | INFO | GET /me -> 200 (4.1 ms)
2026-03-24 21:09:34 | INFO | GET /conversations -> 200 (5.1 ms)
2026-03-24 21:12:14 | INFO | GET / -> 200 (0.9 ms)
2026-03-24 21:12:16 | INFO | GET / -> 200 (0.4 ms)
2026-03-24 21:12:21 | INFO | GET / -> 200 (0.4 ms)
2026-03-24 21:13:04 | INFO | GET / -> 200 (0.3 ms)
2026-03-24 21:13:12 | INFO | GET / -> 200 (0.6 ms)
2026-03-24 21:13:19 | INFO | GET / -> 200 (0.4 ms)
2026-03-24 21:13:20 | INFO | GET / -> 200 (0.4 ms)
2026-03-24 21:13:30 | INFO | GET / -> 200 (0.5 ms)
2026-03-24 21:13:36 | INFO | GET / -> 200 (0.5 ms)
2026-03-24 21:13:40 | INFO | GET / -> 200 (0.4 ms)
2026-03-24 21:13:42 | INFO | GET / -> 200 (0.4 ms)
2026-03-24 21:13:55 | INFO | GET / -> 200 (0.4 ms)
2026-03-24 21:15:45 | INFO | POST /auth/google -> 200 (931.9 ms)
2026-03-24 21:15:46 | INFO | GET /me -> 200 (4.3 ms)
2026-03-24 21:15:46 | INFO | GET /me -> 200 (3.1 ms)
2026-03-24 21:15:49 | INFO | GET /me -> 200 (3.8 ms)
2026-03-24 21:15:49 | INFO | GET /conversations -> 200 (4.9 ms)
2026-03-24 21:15:49 | INFO | GET /me -> 200 (3.4 ms)
2026-03-24 21:15:50 | INFO | GET /conversations -> 200 (3.0 ms)
2026-03-24 21:16:16 | INFO | GET / -> 200 (0.5 ms)
2026-03-24 21:16:18 | INFO | GET /favicon.ico -> 404 (1.6 ms)
2026-03-24 21:16:21 | INFO | GET /docs -> 200 (0.7 ms)
2026-03-24 21:16:21 | INFO | GET /openapi.json -> 200 (117.9 ms)
2026-03-24 21:17:07 | INFO | GET /docs -> 200 (0.3 ms)
2026-03-24 21:18:36 | INFO | GET /docs -> 200 (0.2 ms)
2026-03-24 21:26:24 | INFO | POST /conversations -> 201 (10.7 ms)
2026-03-24 21:26:29 | INFO | POST /chat -> 200 (4303.8 ms)
2026-03-24 21:26:46 | INFO | O-Query: alo alo | Rewritten: alo alo
2026-03-24 21:26:49 | INFO | POST /chat -> 200 (4494.6 ms)
2026-03-24 21:27:04 | INFO | POST /conversations -> 201 (4.6 ms)
2026-03-24 21:28:29 | INFO | GET /conversations -> 200 (4.6 ms)
2026-03-24 21:28:29 | INFO | GET /me -> 200 (3.8 ms)
2026-03-24 21:28:29 | INFO | GET /conversations/f6bbe5b2-c6b1-488c-96b9-2d68c0794e8d/messages -> 200 (8.2 ms)
2026-03-24 21:28:44 | INFO | GET /me -> 200 (3.5 ms)
2026-03-24 21:28:45 | INFO | GET /me -> 200 (3.4 ms)
2026-03-24 21:28:48 | INFO | GET /conversations -> 200 (4.4 ms)
2026-03-24 21:28:48 | INFO | GET /me -> 200 (2.7 ms)
2026-03-24 21:28:48 | INFO | GET /conversations -> 200 (3.7 ms)
2026-03-24 21:28:48 | INFO | GET /me -> 200 (3.5 ms)
2026-03-24 21:28:48 | INFO | GET /conversations/6c540fd9-a40b-4be7-8dcc-69a0601fc1f8/messages -> 200 (12.1 ms)
2026-03-24 21:28:49 | INFO | GET /me -> 200 (3.8 ms)
2026-03-24 21:28:49 | INFO | GET /conversations -> 200 (5.3 ms)
2026-03-24 21:28:49 | INFO | GET /conversations/6c540fd9-a40b-4be7-8dcc-69a0601fc1f8/messages -> 200 (10.9 ms)
2026-03-24 21:28:49 | INFO | GET /conversations/a7693753-198c-47f2-85e8-6f614b970563/messages -> 200 (8.1 ms)
2026-03-24 21:29:19 | INFO | GET /conversations -> 200 (4.6 ms)
2026-03-24 21:29:19 | INFO | GET /me -> 200 (3.5 ms)
2026-03-24 21:29:19 | INFO | GET /conversations/a7693753-198c-47f2-85e8-6f614b970563/messages -> 200 (8.9 ms)
2026-03-24 21:30:07 | INFO | GET /me -> 200 (2.5 ms)
2026-03-24 21:30:08 | INFO | GET /me -> 200 (2.7 ms)
2026-03-24 21:30:09 | INFO | GET /me -> 200 (2.4 ms)
2026-03-24 21:30:09 | INFO | GET /conversations -> 200 (2.9 ms)
2026-03-24 21:30:09 | INFO | GET /me -> 200 (2.4 ms)
2026-03-24 21:30:09 | INFO | GET /conversations -> 200 (2.7 ms)
2026-03-24 21:32:06 | INFO | GET /me -> 200 (6.0 ms)
2026-03-24 21:45:36 | INFO | GET /me -> 200 (2.8 ms)
2026-03-24 21:45:37 | INFO | GET /me -> 200 (2.9 ms)
2026-03-24 21:45:38 | INFO | GET /conversations -> 200 (3.2 ms)
2026-03-24 21:45:38 | INFO | GET /conversations/a7693753-198c-47f2-85e8-6f614b970563/messages -> 200 (8.4 ms)
2026-03-24 21:46:11 | INFO | O-Query: hello | Rewritten: hello
2026-03-24 21:46:14 | INFO | POST /chat -> 200 (4579.9 ms)
2026-03-24 22:12:02 | INFO | GET /me -> 200 (2.9 ms)
2026-03-24 22:12:23 | INFO | GET /me -> 200 (2.7 ms)
2026-03-24 22:12:23 | INFO | GET /conversations -> 200 (3.2 ms)
2026-03-24 22:12:24 | INFO | GET /conversations/36c94db4-8d64-4a2d-8dc1-d8720a89b1cf/messages -> 200 (10.4 ms)
2026-03-24 22:12:29 | INFO | GET /me -> 200 (2.6 ms)
2026-03-24 22:12:29 | INFO | GET /conversations -> 200 (3.2 ms)
2026-03-24 22:12:29 | INFO | GET /conversations/36c94db4-8d64-4a2d-8dc1-d8720a89b1cf/messages -> 200 (9.9 ms)
2026-03-24 22:12:36 | INFO | GET /conversations/01c2f5f7-ea3a-4cf2-adfa-e6b9f559fc2f/messages -> 200 (8.9 ms)
2026-03-24 22:12:36 | INFO | GET /conversations/01c2f5f7-ea3a-4cf2-adfa-e6b9f559fc2f/messages -> 200 (7.5 ms)
2026-03-28 13:33:40 | INFO | Logger initialized (level=INFO, file=logs/app.log)
2026-03-28 13:33:41 | INFO | Startup completed: admin ensured.
2026-03-28 13:34:29 | INFO | POST /auth/google -> 200 (638.6 ms)
2026-03-28 13:34:29 | INFO | GET /me -> 200 (18.0 ms)
2026-03-28 13:34:29 | INFO | GET /me -> 200 (2.9 ms)
2026-03-28 13:34:29 | INFO | GET /uploads/user_2.jpg -> 200 (2.5 ms)
2026-03-28 13:34:31 | INFO | GET /me -> 200 (2.8 ms)
2026-03-28 13:34:32 | INFO | GET /conversations -> 200 (15.8 ms)
2026-03-28 13:34:32 | INFO | GET /me -> 200 (70.4 ms)
2026-03-28 13:34:32 | INFO | GET /conversations -> 200 (3.2 ms)
2026-03-28 13:34:36 | INFO | DELETE /conversations/504c3b1c-54ef-46d2-9d67-8ee27ad9c3f0 -> 200 (13.2 ms)
2026-03-28 13:34:40 | INFO | DELETE /conversations/790b1673-9bf1-47b7-9ccd-14eca38cd57d -> 200 (4.5 ms)
2026-03-28 13:34:44 | INFO | DELETE /conversations/5180ff20-04e0-419e-b9f0-1557dc34f0b7 -> 200 (4.4 ms)
2026-03-28 13:34:47 | INFO | DELETE /conversations/016ddfdd-d303-4e5f-ba3b-689d2e633c3f -> 200 (3.6 ms)
2026-03-28 13:34:54 | INFO | DELETE /conversations/d58b1afa-db44-48bf-84f7-328343bf6d91 -> 200 (3.3 ms)
2026-03-28 13:34:58 | INFO | DELETE /conversations/0db800fb-2dd2-42b3-b581-92aaa74498bb -> 200 (3.5 ms)
2026-03-28 13:35:02 | INFO | DELETE /conversations/4c68590f-ace4-4e98-b876-648719f63c39 -> 200 (3.3 ms)
2026-03-28 13:35:05 | INFO | DELETE /conversations/b643ea47-ba09-4f42-bcfc-c34ea21c3658 -> 200 (4.4 ms)
2026-03-28 13:35:09 | INFO | DELETE /conversations/01f65912-ffba-43dc-a4fd-b15aa4d5fd18 -> 200 (3.4 ms)
2026-03-28 13:35:13 | INFO | DELETE /conversations/3cc59dc7-f1e1-41d4-97dd-93a7300dac65 -> 200 (3.9 ms)
2026-03-28 13:35:17 | INFO | DELETE /conversations/196c4509-457d-4032-8140-842fc136e1e5 -> 200 (3.5 ms)
2026-03-28 13:35:22 | INFO | DELETE /conversations/76fb52b5-ab59-48dc-940e-ab364b7cf0e7 -> 200 (3.2 ms)
2026-03-28 13:35:27 | INFO | DELETE /conversations/b158132a-db6c-4de2-abbc-b63eda82a5b0 -> 200 (4.3 ms)
2026-03-28 13:35:31 | INFO | DELETE /conversations/aa8e4e12-82d6-456c-83ea-5632113a6478 -> 200 (3.7 ms)
2026-03-28 13:35:35 | INFO | DELETE /conversations/4f405ec0-d808-4ba5-aaa6-33478c118232 -> 200 (3.1 ms)
2026-03-28 13:35:38 | INFO | DELETE /conversations/67b49a50-8c88-4dc8-8c3e-d58cbae306aa -> 200 (3.4 ms)
2026-03-28 13:35:42 | INFO | DELETE /conversations/2831e090-acbb-4979-8417-36f0e7ee5a66 -> 200 (3.5 ms)
2026-03-28 13:35:45 | INFO | DELETE /conversations/76f4da08-1b09-4a38-978a-703451698944 -> 200 (3.8 ms)
2026-03-28 13:35:49 | INFO | DELETE /conversations/2016c3ef-4bef-4047-9579-12cabf4b76a5 -> 200 (3.3 ms)
2026-03-28 13:35:52 | INFO | DELETE /conversations/a7106cfe-89af-43af-9063-42f83347817e -> 200 (3.5 ms)
2026-03-28 13:35:56 | INFO | DELETE /conversations/e70aec54-693d-4940-bd93-06a5471ad363 -> 200 (3.8 ms)
2026-03-28 13:36:01 | INFO | DELETE /conversations/ffff1ba0-94b2-40a6-9136-4dcf7d3dff56 -> 200 (3.1 ms)
2026-03-28 13:36:10 | INFO | DELETE /conversations/b76d4ed3-1d88-4a8e-821f-1a57360076db -> 200 (3.2 ms)
2026-03-28 13:36:14 | INFO | DELETE /conversations/8bfd1f9c-08ad-447f-b5f1-0aeb0cbce907 -> 200 (3.6 ms)
2026-03-28 13:36:18 | INFO | DELETE /conversations/72e517d6-da22-485c-ad6f-53a082e86a1e -> 200 (4.0 ms)
2026-03-28 13:36:23 | INFO | DELETE /conversations/c46a70b1-dd00-42bb-8fdc-ae26ddf774f7 -> 200 (4.4 ms)
2026-03-28 13:36:29 | INFO | DELETE /conversations/d50991da-ce5f-4771-b87e-84f1fa6f4861 -> 200 (4.0 ms)
2026-03-28 13:36:35 | INFO | DELETE /conversations/5b34aaa0-0c79-4b28-a211-299ea7632937 -> 200 (3.4 ms)
2026-03-28 13:36:39 | INFO | DELETE /conversations/908a9574-62e0-4fe8-b55c-93fc63a026c8 -> 200 (3.1 ms)
2026-03-28 13:36:43 | INFO | DELETE /conversations/03924df1-2435-4920-b39a-f7e1b5373cfa -> 200 (3.6 ms)
2026-03-28 13:36:47 | INFO | DELETE /conversations/cbfb8d6c-bd75-402a-acff-1a03635d7c45 -> 200 (3.5 ms)
2026-03-28 13:36:50 | INFO | GET /me -> 200 (2.2 ms)
2026-03-28 13:36:51 | INFO | GET /me -> 200 (2.1 ms)
2026-03-28 13:42:28 | INFO | GET /me -> 200 (2.3 ms)
2026-03-28 13:42:28 | INFO | GET /me -> 200 (2.3 ms)
2026-03-28 13:42:46 | INFO | GET /me -> 200 (8.0 ms)
2026-03-28 13:42:46 | INFO | GET /conversations -> 200 (9.5 ms)
2026-03-28 13:42:46 | INFO | GET /me -> 200 (3.6 ms)
2026-03-28 13:42:46 | INFO | GET /conversations -> 200 (4.1 ms)
2026-03-28 13:43:45 | INFO | GET /me -> 200 (3.6 ms)
2026-03-28 13:43:45 | INFO | GET /conversations -> 200 (5.1 ms)
2026-03-28 13:43:45 | INFO | GET /conversations -> 200 (2.9 ms)
2026-03-28 13:43:45 | INFO | GET /me -> 200 (2.5 ms)
2026-03-28 13:43:46 | INFO | POST /conversations -> 201 (11.6 ms)
2026-03-28 13:43:50 | INFO | DELETE /conversations/284587ff-d7b6-4c85-874f-cfa11333b568 -> 200 (3.7 ms)
2026-03-28 13:45:29 | INFO | GET /me -> 200 (2.5 ms)
2026-03-28 13:45:29 | INFO | GET /me -> 200 (2.4 ms)
2026-03-28 13:45:31 | INFO | GET /me -> 200 (2.4 ms)
2026-03-28 13:45:31 | INFO | GET /conversations -> 200 (3.5 ms)
2026-03-28 13:45:31 | INFO | GET /me -> 200 (2.4 ms)
2026-03-28 13:45:32 | INFO | GET /conversations -> 200 (5.6 ms)
2026-03-28 13:46:08 | INFO | GET /me -> 200 (7.3 ms)
2026-03-28 13:46:08 | INFO | GET /conversations -> 200 (11.4 ms)
2026-03-28 13:46:08 | INFO | GET /me -> 200 (7.0 ms)
2026-03-28 13:46:08 | INFO | GET /conversations -> 200 (11.6 ms)
2026-03-28 13:46:11 | INFO | GET /me -> 200 (5.6 ms)
2026-03-28 13:46:11 | INFO | GET /conversations -> 200 (6.3 ms)
2026-03-28 13:46:11 | INFO | GET /me -> 200 (11.4 ms)
2026-03-28 13:46:11 | INFO | GET /conversations -> 200 (17.8 ms)
2026-03-28 13:46:37 | INFO | GET /me -> 200 (5.5 ms)
2026-03-28 13:46:37 | INFO | GET /conversations -> 200 (7.1 ms)
2026-03-28 13:46:37 | INFO | GET /me -> 200 (2.7 ms)
2026-03-28 13:46:37 | INFO | GET /conversations -> 200 (4.4 ms)
2026-03-28 13:46:56 | INFO | GET /me -> 200 (5.5 ms)
2026-03-28 13:46:56 | INFO | GET /conversations -> 200 (7.1 ms)
2026-03-28 13:46:56 | INFO | GET /me -> 200 (3.5 ms)
2026-03-28 13:46:56 | INFO | GET /conversations -> 200 (6.2 ms)
2026-03-28 13:46:59 | INFO | POST /conversations -> 201 (7.1 ms)
2026-03-28 13:47:06 | INFO | Loading query embedding model: BAAI/bge-m3
2026-03-28 13:47:18 | INFO | POST /chat -> 200 (18600.5 ms)
2026-03-28 13:50:37 | INFO | POST /auth/google -> 200 (750.7 ms)
2026-03-28 13:50:37 | INFO | GET /me -> 200 (3.5 ms)
2026-03-28 13:50:38 | INFO | GET /me -> 200 (4.5 ms)
2026-03-28 13:50:38 | INFO | GET /uploads/user_4_7508e55c.jpg -> 200 (3.1 ms)
2026-03-28 13:50:43 | INFO | GET /me -> 200 (3.4 ms)
2026-03-28 13:50:43 | INFO | GET /conversations -> 200 (5.5 ms)
2026-03-28 13:50:43 | INFO | GET /me -> 200 (3.0 ms)
2026-03-28 13:50:44 | INFO | GET /conversations -> 200 (4.9 ms)
2026-03-28 13:50:44 | INFO | GET /conversations/6c540fd9-a40b-4be7-8dcc-69a0601fc1f8/messages -> 200 (35.7 ms)
2026-03-28 13:50:44 | INFO | GET /conversations/6c540fd9-a40b-4be7-8dcc-69a0601fc1f8/messages -> 200 (36.5 ms)
2026-03-28 13:50:56 | INFO | O-Query: Tết Tết | Rewritten: Tết Tết
2026-03-28 13:51:00 | INFO | POST /chat -> 200 (6904.3 ms)
2026-03-28 13:51:49 | INFO | GET /conversations -> 200 (4.9 ms)
2026-03-28 13:51:49 | INFO | GET /me -> 200 (4.2 ms)
2026-03-28 13:51:49 | INFO | GET /conversations -> 200 (7.1 ms)
2026-03-28 13:51:49 | INFO | GET /me -> 200 (8.9 ms)
2026-03-28 13:51:49 | INFO | GET /conversations/6c540fd9-a40b-4be7-8dcc-69a0601fc1f8/messages -> 200 (22.7 ms)
2026-03-28 13:51:49 | INFO | GET /me -> 200 (3.0 ms)
2026-03-28 13:51:49 | INFO | GET /me -> 200 (3.9 ms)
2026-03-28 13:51:54 | INFO | GET /me -> 200 (5.1 ms)
2026-03-28 13:51:54 | INFO | GET /conversations -> 200 (6.2 ms)
2026-03-28 13:51:54 | INFO | GET /me -> 200 (5.9 ms)
2026-03-28 13:51:54 | INFO | GET /conversations -> 200 (6.3 ms)
2026-03-28 13:51:54 | INFO | GET /conversations/6c540fd9-a40b-4be7-8dcc-69a0601fc1f8/messages -> 200 (15.9 ms)
2026-03-28 13:51:54 | INFO | GET /conversations/6c540fd9-a40b-4be7-8dcc-69a0601fc1f8/messages -> 200 (13.3 ms)
2026-03-28 13:52:07 | INFO | GET /me -> 200 (4.2 ms)
2026-03-28 13:52:07 | INFO | GET /conversations -> 200 (5.8 ms)
2026-03-28 13:52:07 | INFO | GET /me -> 200 (6.9 ms)
2026-03-28 13:52:07 | INFO | GET /conversations -> 200 (6.8 ms)
2026-03-28 13:52:08 | INFO | GET /conversations/6c540fd9-a40b-4be7-8dcc-69a0601fc1f8/messages -> 200 (14.5 ms)
2026-03-28 13:52:08 | INFO | GET /conversations/6c540fd9-a40b-4be7-8dcc-69a0601fc1f8/messages -> 200 (11.0 ms)
2026-03-28 13:52:47 | INFO | GET /me -> 200 (3.4 ms)
2026-03-28 13:52:47 | INFO | GET /me -> 200 (3.4 ms)
2026-03-28 13:52:49 | INFO | GET /me -> 200 (4.5 ms)
2026-03-28 13:52:49 | INFO | GET /conversations -> 200 (5.3 ms)
2026-03-28 13:52:49 | INFO | GET /me -> 200 (3.1 ms)
2026-03-28 13:52:50 | INFO | GET /conversations -> 200 (4.1 ms)
2026-03-28 13:52:50 | INFO | GET /conversations/6c540fd9-a40b-4be7-8dcc-69a0601fc1f8/messages -> 200 (10.1 ms)
2026-03-28 13:52:50 | INFO | GET /conversations/6c540fd9-a40b-4be7-8dcc-69a0601fc1f8/messages -> 200 (12.8 ms)
2026-03-28 13:53:03 | INFO | O-Query: bây giờ tốc độ nhanh tốc độ quốc phòng đầu tiên là | Rewritten: bây giờ tốc độ nhanh tốc độ quốc phòng đầu tiên là
2026-03-28 13:53:06 | INFO | POST /chat -> 200 (4701.1 ms)
2026-03-28 13:53:07 | INFO | DELETE /conversations/6c540fd9-a40b-4be7-8dcc-69a0601fc1f8 -> 200 (5.5 ms)
2026-03-28 13:53:08 | INFO | GET /conversations/59578e89-5bc0-4f1f-b9ca-7f2c7838251b/messages -> 200 (15.1 ms)
2026-03-28 13:53:09 | INFO | GET /conversations/59578e89-5bc0-4f1f-b9ca-7f2c7838251b/messages -> 200 (12.8 ms)
2026-03-28 13:53:12 | INFO | DELETE /conversations/59578e89-5bc0-4f1f-b9ca-7f2c7838251b -> 200 (4.9 ms)
2026-03-28 13:53:13 | INFO | GET /conversations/86a32834-0756-466f-a7b4-ef9acd488c38/messages -> 200 (13.0 ms)
2026-03-28 13:53:13 | INFO | GET /conversations/86a32834-0756-466f-a7b4-ef9acd488c38/messages -> 200 (13.6 ms)
2026-03-28 13:53:16 | INFO | GET /conversations/b3f260b2-bc72-4aea-8197-997e5aa21b3f/messages -> 200 (7.9 ms)
2026-03-28 13:53:16 | INFO | GET /conversations/b3f260b2-bc72-4aea-8197-997e5aa21b3f/messages -> 200 (7.8 ms)
2026-03-28 13:53:19 | INFO | DELETE /conversations/b3f260b2-bc72-4aea-8197-997e5aa21b3f -> 200 (5.8 ms)
2026-03-28 13:53:26 | INFO | DELETE /conversations/f6bbe5b2-c6b1-488c-96b9-2d68c0794e8d -> 200 (4.3 ms)
2026-03-28 14:26:05 | INFO | POST /login -> 401 (11.8 ms)
2026-03-28 14:26:13 | INFO | POST /login -> 200 (2.8 ms)
2026-03-28 14:26:13 | INFO | GET /me -> 200 (4.0 ms)
2026-03-28 14:26:13 | INFO | GET /admin/analytics -> 200 (29.9 ms)
2026-03-28 14:26:14 | INFO | GET /me -> 200 (2.7 ms)
2026-03-28 14:26:14 | INFO | GET /admin/analytics -> 200 (9.0 ms)
2026-03-28 14:26:14 | INFO | GET /uploads/user_1_fc1cb397.jpg -> 200 (1.4 ms)
2026-03-28 14:26:19 | INFO | GET /me -> 200 (3.4 ms)
2026-03-28 14:26:20 | INFO | GET /me -> 200 (2.5 ms)
2026-03-28 14:53:06 | INFO | POST /auth/google -> 200 (665.7 ms)
2026-03-28 14:53:06 | INFO | GET /me -> 200 (3.2 ms)
2026-03-28 14:53:07 | INFO | GET /me -> 200 (4.1 ms)
2026-03-28 14:53:12 | INFO | GET /me -> 200 (7.9 ms)
2026-03-28 14:53:12 | INFO | GET /conversations -> 200 (5.3 ms)
2026-03-28 14:53:12 | INFO | GET /me -> 200 (3.0 ms)
2026-03-28 14:53:12 | INFO | GET /conversations -> 200 (4.2 ms)
2026-03-28 14:53:32 | INFO | POST /conversations -> 201 (17.6 ms)
2026-03-28 14:53:38 | INFO | POST /chat -> 200 (4997.8 ms)
2026-03-28 14:55:59 | INFO | O-Query: cho tôi thông tin về bệnh tiểu đường | Rewritten: cho tôi thông tin về bệnh tiểu đường
2026-03-28 14:56:12 | INFO | POST /chat -> 200 (14947.7 ms)
2026-03-28 15:01:52 | INFO | GET /me -> 200 (10.9 ms)
2026-03-28 15:01:52 | INFO | GET /me -> 200 (4.8 ms)
2026-03-28 15:10:34 | INFO | GET /me -> 200 (5.3 ms)
2026-03-28 15:10:34 | INFO | GET /conversations -> 200 (9.8 ms)
2026-03-28 15:10:35 | INFO | GET /me -> 200 (2.8 ms)
2026-03-28 15:10:35 | INFO | GET /conversations -> 200 (6.1 ms)
2026-03-28 15:10:35 | INFO | GET /conversations/18507c88-db21-4153-9920-8cefff7f6171/messages -> 200 (16.0 ms)
2026-03-28 15:10:35 | INFO | GET /conversations/18507c88-db21-4153-9920-8cefff7f6171/messages -> 200 (9.9 ms)
