2026-01-22 17:38:50 | INFO | Loading query embedding model: BAAI/bge-m3
2026-01-22 17:39:07 | INFO | POST /chat -> 200 (22429.2 ms)
2026-01-22 17:44:59 | INFO | ✅ Logger initialized (level=INFO, file=logs/app.log)
2026-01-22 17:45:05 | INFO | ✅ Logger initialized (level=INFO, file=logs/app.log)
2026-01-23 14:30:58 | INFO | ✅ Logger initialized (level=INFO, file=logs/app.log)
2026-01-23 14:31:49 | INFO | ✅ Logger initialized (level=INFO, file=logs/app.log)
2026-01-23 14:32:02 | INFO | GET /docs -> 200 (0.4 ms)
2026-01-23 14:32:03 | INFO | GET /openapi.json -> 200 (21.0 ms)
2026-01-23 14:35:39 | INFO | ✅ Logger initialized (level=INFO, file=logs/app.log)
2026-01-23 14:35:46 | INFO | ✅ Logger initialized (level=INFO, file=logs/app.log)
2026-01-23 14:35:59 | INFO | GET / -> 200 (0.6 ms)
2026-01-23 14:36:00 | INFO | GET / -> 200 (0.4 ms)
2026-01-23 14:36:03 | INFO | GET / -> 200 (0.4 ms)
2026-01-23 14:36:07 | INFO | GET / -> 200 (0.7 ms)
2026-01-23 14:36:11 | INFO | GET / -> 200 (0.4 ms)
2026-01-23 14:36:16 | INFO | ✅ Logger initialized (level=INFO, file=logs/app.log)
2026-01-23 14:36:23 | INFO | ✅ Logger initialized (level=INFO, file=logs/app.log)
2026-01-23 14:36:23 | INFO | GET / -> 200 (0.6 ms)
2026-01-23 14:36:25 | INFO | GET / -> 200 (0.5 ms)
2026-01-23 14:36:50 | INFO | GET / -> 200 (0.4 ms)
2026-01-23 14:36:52 | INFO | GET / -> 200 (0.4 ms)
2026-01-23 14:36:56 | INFO | GET / -> 200 (0.4 ms)
2026-01-23 14:37:59 | INFO | GET / -> 200 (0.4 ms)
2026-01-23 14:38:11 | INFO | POST /auth/login -> 401 (242.4 ms)
2026-01-23 14:38:19 | INFO | POST /auth/login -> 200 (244.0 ms)
2026-01-23 14:38:23 | INFO | GET / -> 200 (0.6 ms)
2026-01-23 14:38:38 | INFO | POST /chat -> 422 (5.3 ms)
2026-01-23 14:38:51 | INFO | POST /chat -> 422 (1.4 ms)
2026-01-23 14:39:57 | INFO | POST /auth/login -> 200 (229.9 ms)
2026-01-23 14:40:01 | INFO | POST /chat -> 422 (1.6 ms)
2026-01-23 14:41:25 | INFO | Loading query embedding model: BAAI/bge-m3
2026-01-23 14:41:36 | INFO | POST /chat -> 200 (15543.6 ms)
2026-01-23 14:42:22 | INFO | POST /chat -> 200 (4832.9 ms)
2026-01-23 14:42:47 | INFO | POST /chat -> 200 (3418.1 ms)
2026-01-23 14:58:06 | INFO | POST /chat -> 200 (3586.2 ms)
2026-01-23 15:26:36 | INFO | POST /chat -> 200 (9192.9 ms)
2026-01-23 16:59:31 | INFO | POST /chat -> 200 (8407.9 ms)
2026-01-23 17:02:29 | INFO | POST /chat -> 200 (2820.5 ms)
2026-01-23 17:03:01 | INFO | POST /chat -> 200 (12245.0 ms)
2026-01-23 17:59:15 | INFO | POST /auth/login -> 200 (321.9 ms)
2026-01-26 11:57:10 | INFO | ✅ Logger initialized (level=INFO, file=logs/app.log)
2026-01-26 11:58:48 | INFO | GET / -> 200 (0.8 ms)
2026-01-26 11:58:55 | INFO | ✅ Logger initialized (level=INFO, file=logs/app.log)
2026-01-26 11:59:03 | INFO | ✅ Logger initialized (level=INFO, file=logs/app.log)
2026-01-26 11:59:03 | INFO | GET / -> 200 (0.7 ms)
2026-01-26 11:59:14 | INFO | GET / -> 200 (0.4 ms)
2026-01-26 11:59:31 | INFO | Loading query embedding model: BAAI/bge-m3
2026-01-26 11:59:44 | INFO | POST /chat -> 200 (18202.6 ms)
2026-01-26 11:59:44 | INFO | POST /auth/forgot-password -> 404 (0.5 ms)
2026-01-26 12:00:12 | INFO | POST /auth/signup -> 200 (282.3 ms)
2026-01-26 12:00:18 | INFO | POST /auth/login -> 200 (257.5 ms)
2026-01-26 12:00:32 | INFO | POST /auth/forgot-password -> 404 (0.5 ms)
2026-01-26 12:00:38 | INFO | GET / -> 200 (0.6 ms)
2026-01-26 12:06:54 | INFO | ✅ Logger initialized (level=INFO, file=logs/app.log)
2026-01-26 12:17:49 | INFO | ✅ Logger initialized (level=INFO, file=logs/app.log)
2026-01-26 12:18:34 | INFO | ✅ Logger initialized (level=INFO, file=logs/app.log)
2026-01-26 12:18:34 | INFO | GET /docs -> 200 (0.4 ms)
2026-01-26 12:18:35 | INFO | GET /openapi.json -> 200 (17.5 ms)
2026-01-26 12:18:52 | INFO | POST /auth/login -> 404 (0.5 ms)
2026-01-26 12:19:37 | INFO | POST /auth/logout -> 200 (2.4 ms)
2026-01-26 12:28:49 | INFO | POST /auth/login -> 404 (0.4 ms)
2026-01-26 12:28:54 | INFO | POST /auth/login -> 404 (0.4 ms)
2026-01-26 12:28:55 | INFO | POST /auth/login -> 404 (0.7 ms)
2026-01-26 12:28:58 | INFO | POST /auth/login -> 404 (0.4 ms)
2026-01-26 12:28:59 | INFO | POST /auth/login -> 404 (0.5 ms)
2026-01-26 12:29:05 | INFO | POST /auth/login -> 404 (0.5 ms)
2026-01-26 12:29:08 | INFO | POST /auth/login -> 404 (0.5 ms)
2026-01-26 12:29:09 | INFO | POST /auth/login -> 404 (0.3 ms)
2026-01-26 12:29:09 | INFO | POST /auth/login -> 404 (0.4 ms)
2026-01-26 12:29:10 | INFO | POST /auth/login -> 404 (0.5 ms)
2026-01-26 13:48:29 | INFO | POST /auth/login -> 404 (0.3 ms)
2026-01-26 13:48:39 | INFO | POST /auth/login -> 404 (0.3 ms)
2026-01-26 13:48:43 | INFO | POST /auth/login -> 404 (0.3 ms)
2026-01-26 15:36:53 | INFO | POST /auth/login -> 404 (1.1 ms)
2026-01-26 22:35:09 | INFO | ✅ Logger initialized (level=INFO, file=logs/app.log)
2026-01-26 22:35:36 | INFO | GET / -> 200 (0.7 ms)
2026-01-26 22:35:39 | INFO | GET / -> 200 (0.7 ms)
2026-01-26 22:42:37 | INFO | POST /auth/login -> 404 (0.5 ms)
2026-01-26 23:21:11 | INFO | ✅ Logger initialized (level=INFO, file=logs/app.log)
2026-01-26 23:23:59 | INFO | ✅ Logger initialized (level=INFO, file=logs/app.log)
2026-01-26 23:25:07 | INFO | ✅ Logger initialized (level=INFO, file=logs/app.log)
2026-01-26 23:26:24 | INFO | ✅ Logger initialized (level=INFO, file=logs/app.log)
2026-01-26 23:26:24 | INFO | Startup completed: admin ensured.
2026-01-26 23:26:32 | INFO | POST /auth/login -> 404 (0.5 ms)
2026-01-26 23:26:52 | INFO | GET /docs -> 200 (0.3 ms)
2026-01-26 23:26:53 | INFO | GET /openapi.json -> 200 (20.5 ms)
2026-01-26 23:27:03 | INFO | POST /login -> 401 (85.9 ms)
2026-01-26 23:27:32 | INFO | POST /auth/signup -> 404 (0.4 ms)
2026-01-26 23:30:55 | INFO | ✅ Logger initialized (level=INFO, file=logs/app.log)
2026-01-26 23:30:55 | INFO | Startup completed: admin ensured.
2026-01-26 23:30:57 | INFO | POST /auth/signup -> 404 (0.5 ms)
2026-01-26 23:32:01 | INFO | POST /signup -> 201 (114.6 ms)
2026-01-26 23:32:25 | INFO | POST /login -> 200 (5.8 ms)
2026-01-26 23:32:34 | INFO | POST /auth/login -> 404 (0.7 ms)
2026-01-26 23:32:36 | INFO | POST /auth/login -> 404 (0.6 ms)
2026-01-26 23:32:36 | INFO | POST /auth/login -> 404 (0.5 ms)
2026-01-26 23:32:36 | INFO | POST /auth/login -> 404 (0.4 ms)
2026-01-26 23:32:37 | INFO | POST /auth/login -> 404 (0.4 ms)
2026-01-26 23:32:42 | INFO | POST /auth/login -> 404 (0.5 ms)
2026-01-26 23:32:53 | INFO | POST /auth/signup -> 404 (0.3 ms)
2026-01-26 23:33:18 | INFO | POST /auth/login -> 404 (0.3 ms)
2026-01-26 23:33:35 | INFO | POST /login -> 200 (3.1 ms)
2026-01-26 23:33:51 | INFO | GET / -> 200 (0.5 ms)
2026-01-26 23:33:52 | INFO | GET /favicon.ico -> 404 (0.4 ms)
2026-01-26 23:33:56 | INFO | GET /docs -> 200 (0.3 ms)
2026-01-26 23:33:57 | INFO | GET /openapi.json -> 200 (15.0 ms)
2026-01-26 23:34:26 | INFO | POST /auth/login -> 404 (0.3 ms)
2026-01-26 23:34:32 | INFO | POST /auth/login -> 404 (0.3 ms)
2026-01-26 23:34:58 | INFO | POST /login -> 200 (3.0 ms)
2026-01-26 23:35:24 | INFO | POST /auth/login -> 404 (0.3 ms)
2026-01-26 23:35:47 | INFO | POST /login -> 200 (2.6 ms)
2026-01-26 23:36:04 | INFO | Loading query embedding model: BAAI/bge-m3
2026-01-26 23:36:11 | ERROR | chat() failed
Traceback (most recent call last):

  File "<string>", line 1, in <module>
  File "C:\Users\lapth\anaconda3\envs\aibacsi\Lib\multiprocessing\spawn.py", line 122, in spawn_main
    exitcode = _main(fd, parent_sentinel)
               │     │   └ 356
               │     └ 3
               └ <function _main at 0x000002A5E6C59DA0>
  File "C:\Users\lapth\anaconda3\envs\aibacsi\Lib\multiprocessing\spawn.py", line 135, in _main
    return self._bootstrap(parent_sentinel)
           │    │          └ 356
           │    └ <function BaseProcess._bootstrap at 0x000002A5E6958860>
           └ <SpawnProcess name='SpawnProcess-26' parent=24280 started>
  File "C:\Users\lapth\anaconda3\envs\aibacsi\Lib\multiprocessing\process.py", line 314, in _bootstrap
    self.run()
    │    └ <function BaseProcess.run at 0x000002A5E6957D80>
    └ <SpawnProcess name='SpawnProcess-26' parent=24280 started>
  File "C:\Users\lapth\anaconda3\envs\aibacsi\Lib\multiprocessing\process.py", line 108, in run
    self._target(*self._args, **self._kwargs)
    │    │        │    │        │    └ {'config': <uvicorn.config.Config object at 0x000002A5E6C31710>, 'target': <bound method Server.run of <uvicorn.server.Server...
    │    │        │    │        └ <SpawnProcess name='SpawnProcess-26' parent=24280 started>
    │    │        │    └ ()
    │    │        └ <SpawnProcess name='SpawnProcess-26' parent=24280 started>
    │    └ <function subprocess_started at 0x000002A5E9082700>
    └ <SpawnProcess name='SpawnProcess-26' parent=24280 started>
  File "C:\Users\lapth\anaconda3\envs\aibacsi\Lib\site-packages\uvicorn\_subprocess.py", line 80, in subprocess_started
    target(sockets=sockets)
    │              └ [<socket.socket fd=780, family=2, type=1, proto=6, laddr=('127.0.1.8', 8000)>]
    └ <bound method Server.run of <uvicorn.server.Server object at 0x000002A5E9201C50>>
  File "C:\Users\lapth\anaconda3\envs\aibacsi\Lib\site-packages\uvicorn\server.py", line 65, in run
    return asyncio.run(self.serve(sockets=sockets))
           │       │   │    │             └ [<socket.socket fd=780, family=2, type=1, proto=6, laddr=('127.0.1.8', 8000)>]
           │       │   │    └ <function Server.serve at 0x000002A5E90813A0>
           │       │   └ <uvicorn.server.Server object at 0x000002A5E9201C50>
           │       └ <function run at 0x000002A5E8914860>
           └ <module 'asyncio' from 'C:\\Users\\lapth\\anaconda3\\envs\\aibacsi\\Lib\\asyncio\\__init__.py'>
  File "C:\Users\lapth\anaconda3\envs\aibacsi\Lib\asyncio\runners.py", line 190, in run
    return runner.run(main)
           │      │   └ <coroutine object Server.serve at 0x000002A5E9147D30>
           │      └ <function Runner.run at 0x000002A5E8918A40>
           └ <asyncio.runners.Runner object at 0x000002A5E9201590>
  File "C:\Users\lapth\anaconda3\envs\aibacsi\Lib\asyncio\runners.py", line 118, in run
    return self._loop.run_until_complete(task)
           │    │     │                  └ <Task pending name='Task-1' coro=<Server.serve() running at C:\Users\lapth\anaconda3\envs\aibacsi\Lib\site-packages\uvicorn\s...
           │    │     └ <function BaseEventLoop.run_until_complete at 0x000002A5E8916660>
           │    └ <_WindowsSelectorEventLoop running=True closed=False debug=False>
           └ <asyncio.runners.Runner object at 0x000002A5E9201590>
  File "C:\Users\lapth\anaconda3\envs\aibacsi\Lib\asyncio\base_events.py", line 641, in run_until_complete
    self.run_forever()
    │    └ <function BaseEventLoop.run_forever at 0x000002A5E89165C0>
    └ <_WindowsSelectorEventLoop running=True closed=False debug=False>
  File "C:\Users\lapth\anaconda3\envs\aibacsi\Lib\asyncio\base_events.py", line 608, in run_forever
    self._run_once()
    │    └ <function BaseEventLoop._run_once at 0x000002A5E8918400>
    └ <_WindowsSelectorEventLoop running=True closed=False debug=False>
  File "C:\Users\lapth\anaconda3\envs\aibacsi\Lib\asyncio\base_events.py", line 1936, in _run_once
    handle._run()
    │      └ <function Handle._run at 0x000002A5E723E840>
    └ <Handle Task.task_wakeup(<Future finished result=None>)>
  File "C:\Users\lapth\anaconda3\envs\aibacsi\Lib\asyncio\events.py", line 84, in _run
    self._context.run(self._callback, *self._args)
    │    │            │    │           │    └ <member '_args' of 'Handle' objects>
    │    │            │    │           └ <Handle Task.task_wakeup(<Future finished result=None>)>
    │    │            │    └ <member '_callback' of 'Handle' objects>
    │    │            └ <Handle Task.task_wakeup(<Future finished result=None>)>
    │    └ <member '_context' of 'Handle' objects>
    └ <Handle Task.task_wakeup(<Future finished result=None>)>
  File "C:\Users\lapth\anaconda3\envs\aibacsi\Lib\site-packages\starlette\middleware\base.py", line 149, in coro
    await self.app(scope, receive_or_disconnect, send_no_error)
          │    │   │      │                      └ <function BaseHTTPMiddleware.__call__.<locals>.call_next.<locals>.send_no_error at 0x000002A58EB1D760>
          │    │   │      └ <function BaseHTTPMiddleware.__call__.<locals>.call_next.<locals>.receive_or_disconnect at 0x000002A58EB1C4A0>
          │    │   └ {'type': 'http', 'asgi': {'version': '3.0', 'spec_version': '2.4'}, 'http_version': '1.1', 'server': ('127.0.1.8', 8000), 'cl...
          │    └ <starlette.middleware.exceptions.ExceptionMiddleware object at 0x000002A58E93D550>
          └ <app.middleware.log_request.RequestLogMiddleware object at 0x000002A58E90B290>
  File "C:\Users\lapth\anaconda3\envs\aibacsi\Lib\site-packages\starlette\middleware\exceptions.py", line 62, in __call__
    await wrap_app_handling_exceptions(self.app, conn)(scope, receive, send)
          │                            │    │    │     │      │        └ <function BaseHTTPMiddleware.__call__.<locals>.call_next.<locals>.send_no_error at 0x000002A58EB1D760>
          │                            │    │    │     │      └ <function BaseHTTPMiddleware.__call__.<locals>.call_next.<locals>.receive_or_disconnect at 0x000002A58EB1C4A0>
          │                            │    │    │     └ {'type': 'http', 'asgi': {'version': '3.0', 'spec_version': '2.4'}, 'http_version': '1.1', 'server': ('127.0.1.8', 8000), 'cl...
          │                            │    │    └ <starlette.requests.Request object at 0x000002A58EB92890>
          │                            │    └ <fastapi.routing.APIRouter object at 0x000002A58C8631D0>
          │                            └ <starlette.middleware.exceptions.ExceptionMiddleware object at 0x000002A58E93D550>
          └ <function wrap_app_handling_exceptions at 0x000002A5EB2B99E0>
  File "C:\Users\lapth\anaconda3\envs\aibacsi\Lib\site-packages\starlette\_exception_handler.py", line 51, in wrapped_app
    await app(scope, receive, sender)
          │   │      │        └ <function wrap_app_handling_exceptions.<locals>.wrapped_app.<locals>.sender at 0x000002A58EB1E700>
          │   │      └ <function BaseHTTPMiddleware.__call__.<locals>.call_next.<locals>.receive_or_disconnect at 0x000002A58EB1C4A0>
          │   └ {'type': 'http', 'asgi': {'version': '3.0', 'spec_version': '2.4'}, 'http_version': '1.1', 'server': ('127.0.1.8', 8000), 'cl...
          └ <fastapi.routing.APIRouter object at 0x000002A58C8631D0>
  File "C:\Users\lapth\anaconda3\envs\aibacsi\Lib\site-packages\starlette\routing.py", line 715, in __call__
    await self.middleware_stack(scope, receive, send)
          │    │                │      │        └ <function wrap_app_handling_exceptions.<locals>.wrapped_app.<locals>.sender at 0x000002A58EB1E700>
          │    │                │      └ <function BaseHTTPMiddleware.__call__.<locals>.call_next.<locals>.receive_or_disconnect at 0x000002A58EB1C4A0>
          │    │                └ {'type': 'http', 'asgi': {'version': '3.0', 'spec_version': '2.4'}, 'http_version': '1.1', 'server': ('127.0.1.8', 8000), 'cl...
          │    └ <bound method Router.app of <fastapi.routing.APIRouter object at 0x000002A58C8631D0>>
          └ <fastapi.routing.APIRouter object at 0x000002A58C8631D0>
  File "C:\Users\lapth\anaconda3\envs\aibacsi\Lib\site-packages\starlette\routing.py", line 735, in app
    await route.handle(scope, receive, send)
          │     │      │      │        └ <function wrap_app_handling_exceptions.<locals>.wrapped_app.<locals>.sender at 0x000002A58EB1E700>
          │     │      │      └ <function BaseHTTPMiddleware.__call__.<locals>.call_next.<locals>.receive_or_disconnect at 0x000002A58EB1C4A0>
          │     │      └ {'type': 'http', 'asgi': {'version': '3.0', 'spec_version': '2.4'}, 'http_version': '1.1', 'server': ('127.0.1.8', 8000), 'cl...
          │     └ <function Route.handle at 0x000002A5EB2BB1A0>
          └ APIRoute(path='/chat', name='chat', methods=['POST'])
  File "C:\Users\lapth\anaconda3\envs\aibacsi\Lib\site-packages\starlette\routing.py", line 288, in handle
    await self.app(scope, receive, send)
          │    │   │      │        └ <function wrap_app_handling_exceptions.<locals>.wrapped_app.<locals>.sender at 0x000002A58EB1E700>
          │    │   │      └ <function BaseHTTPMiddleware.__call__.<locals>.call_next.<locals>.receive_or_disconnect at 0x000002A58EB1C4A0>
          │    │   └ {'type': 'http', 'asgi': {'version': '3.0', 'spec_version': '2.4'}, 'http_version': '1.1', 'server': ('127.0.1.8', 8000), 'cl...
          │    └ <function request_response.<locals>.app at 0x000002A58E8DB1A0>
          └ APIRoute(path='/chat', name='chat', methods=['POST'])
  File "C:\Users\lapth\anaconda3\envs\aibacsi\Lib\site-packages\starlette\routing.py", line 76, in app
    await wrap_app_handling_exceptions(app, request)(scope, receive, send)
          │                            │    │        │      │        └ <function wrap_app_handling_exceptions.<locals>.wrapped_app.<locals>.sender at 0x000002A58EB1E700>
          │                            │    │        │      └ <function BaseHTTPMiddleware.__call__.<locals>.call_next.<locals>.receive_or_disconnect at 0x000002A58EB1C4A0>
          │                            │    │        └ {'type': 'http', 'asgi': {'version': '3.0', 'spec_version': '2.4'}, 'http_version': '1.1', 'server': ('127.0.1.8', 8000), 'cl...
          │                            │    └ <starlette.requests.Request object at 0x000002A58EB92810>
          │                            └ <function request_response.<locals>.app.<locals>.app at 0x000002A58EB1EDE0>
          └ <function wrap_app_handling_exceptions at 0x000002A5EB2B99E0>
  File "C:\Users\lapth\anaconda3\envs\aibacsi\Lib\site-packages\starlette\_exception_handler.py", line 51, in wrapped_app
    await app(scope, receive, sender)
          │   │      │        └ <function wrap_app_handling_exceptions.<locals>.wrapped_app.<locals>.sender at 0x000002A58EB1E520>
          │   │      └ <function BaseHTTPMiddleware.__call__.<locals>.call_next.<locals>.receive_or_disconnect at 0x000002A58EB1C4A0>
          │   └ {'type': 'http', 'asgi': {'version': '3.0', 'spec_version': '2.4'}, 'http_version': '1.1', 'server': ('127.0.1.8', 8000), 'cl...
          └ <function request_response.<locals>.app.<locals>.app at 0x000002A58EB1EDE0>
  File "C:\Users\lapth\anaconda3\envs\aibacsi\Lib\site-packages\starlette\routing.py", line 73, in app
    response = await f(request)
                     │ └ <starlette.requests.Request object at 0x000002A58EB92810>
                     └ <function get_request_handler.<locals>.app at 0x000002A58E8DA8E0>
  File "C:\Users\lapth\anaconda3\envs\aibacsi\Lib\site-packages\fastapi\routing.py", line 301, in app
    raw_response = await run_endpoint_function(
                         └ <function run_endpoint_function at 0x000002A5E68F7740>
  File "C:\Users\lapth\anaconda3\envs\aibacsi\Lib\site-packages\fastapi\routing.py", line 212, in run_endpoint_function
    return await dependant.call(**values)
                 │         │      └ {'db': <sqlalchemy.orm.session.AsyncSession object at 0x000002A58EB8BB10>, 'req': ChatRequest(question='chào', user_id='b4983...
                 │         └ <function chat at 0x000002A5EC430EA0>
                 └ Dependant(path_params=[], query_params=[], header_params=[], cookie_params=[], body_params=[ModelField(field_info=Body(Pydant...

> File "E:\KLTN\chatbot\backend\app\routers\chat.py", line 30, in chat
    resp = await handle_chat_request(req, db)
                 │                   │    └ <sqlalchemy.orm.session.AsyncSession object at 0x000002A58EB8BB10>
                 │                   └ ChatRequest(question='chào', user_id='b4983b02-7735-4d3c-a3de-fa8433e369d0')
                 └ <function handle_chat_request at 0x000002A5EC430FE0>

  File "E:\KLTN\chatbot\backend\app\services\chat_service.py", line 36, in handle_chat_request
    out = run_pipeline(question, db)
          │            │         └ <sqlalchemy.orm.session.AsyncSession object at 0x000002A58EB8BB10>
          │            └ 'chào'
          └ <function run at 0x000002A5EC432480>

  File "E:\KLTN\chatbot\backend\app\rag\chat_pipeline.py", line 23, in run
    contexts: List[Dict[str, Any]] = retrieve(db, question, top_k=settings.qa_topk)
              │    │         │       │        │   │               │        └ 5
              │    │         │       │        │   │               └ Settings(database_url='postgresql+psycopg2://aibacsi:123456@127.0.0.1:5432/aibacsi', database_url_async='postgresql+asyncpg:/...
              │    │         │       │        │   └ 'chào'
              │    │         │       │        └ <sqlalchemy.orm.session.AsyncSession object at 0x000002A58EB8BB10>
              │    │         │       └ <function retrieve at 0x000002A5EC4334C0>
              │    │         └ typing.Any
              │    └ typing.Dict
              └ typing.List

  File "E:\KLTN\chatbot\backend\app\rag\retriever.py", line 156, in retrieve
    rows = db.execute(sql, {"q": qvec.tolist(), "k": int(top_k)}).mappings().all()
           │  │       │          │    │                  └ 5
           │  │       │          │    └ <method 'tolist' of 'numpy.ndarray' objects>
           │  │       │          └ array([-0.02759085,  0.02498692, -0.04099   , ...,  0.01470701,
           │  │       │                   -0.04009545,  0.03999031])
           │  │       └ <sqlalchemy.sql.elements.TextClause object at 0x000002A5A9CCAE90>
           │  └ <function AsyncSession.execute at 0x000002A5EBE16480>
           └ <sqlalchemy.orm.session.AsyncSession object at 0x000002A58EB8BB10>

AttributeError: 'coroutine' object has no attribute 'mappings'
2026-01-26 23:36:11 | INFO | POST /chat -> 500 (10737.9 ms)
2026-01-26 23:36:44 | INFO | POST /signup -> 201 (5.7 ms)
2026-01-26 23:38:08 | INFO | POST /forgot-password -> 200 (3357.9 ms)
2026-01-26 23:38:52 | INFO | POST /forgot-password -> 200 (3070.5 ms)
2026-01-26 23:39:08 | INFO | GET / -> 200 (0.4 ms)
2026-01-26 23:41:05 | INFO | ✅ Logger initialized (level=INFO, file=logs/app.log)
2026-01-26 23:41:05 | INFO | Startup completed: admin ensured.
2026-01-26 23:41:05 | INFO | POST /login -> 401 (70.7 ms)
2026-01-26 23:41:11 | INFO | POST /login -> 401 (2.5 ms)
2026-01-26 23:41:17 | INFO | POST /login -> 200 (3.6 ms)
2026-01-26 23:41:44 | INFO | GET /docs -> 200 (0.4 ms)
2026-01-26 23:41:45 | INFO | GET /openapi.json -> 200 (18.8 ms)
2026-01-26 23:44:43 | INFO | POST /login -> 401 (4.0 ms)
2026-01-26 23:44:52 | INFO | POST /login -> 200 (3.7 ms)
2026-01-26 23:44:57 | INFO | POST /login -> 401 (2.4 ms)
2026-01-26 23:45:07 | INFO | POST /login -> 200 (2.6 ms)
2026-01-26 23:45:20 | ERROR | STT failed
Traceback (most recent call last):

  File "<string>", line 1, in <module>
  File "C:\Users\lapth\anaconda3\envs\aibacsi\Lib\multiprocessing\spawn.py", line 122, in spawn_main
    exitcode = _main(fd, parent_sentinel)
               │     │   └ 324
               │     └ 3
               └ <function _main at 0x00000221273D9DA0>
  File "C:\Users\lapth\anaconda3\envs\aibacsi\Lib\multiprocessing\spawn.py", line 135, in _main
    return self._bootstrap(parent_sentinel)
           │    │          └ 324
           │    └ <function BaseProcess._bootstrap at 0x00000221271D8860>
           └ <SpawnProcess name='SpawnProcess-29' parent=24280 started>
  File "C:\Users\lapth\anaconda3\envs\aibacsi\Lib\multiprocessing\process.py", line 314, in _bootstrap
    self.run()
    │    └ <function BaseProcess.run at 0x00000221271D7D80>
    └ <SpawnProcess name='SpawnProcess-29' parent=24280 started>
  File "C:\Users\lapth\anaconda3\envs\aibacsi\Lib\multiprocessing\process.py", line 108, in run
    self._target(*self._args, **self._kwargs)
    │    │        │    │        │    └ {'config': <uvicorn.config.Config object at 0x00000221273B1710>, 'target': <bound method Server.run of <uvicorn.server.Server...
    │    │        │    │        └ <SpawnProcess name='SpawnProcess-29' parent=24280 started>
    │    │        │    └ ()
    │    │        └ <SpawnProcess name='SpawnProcess-29' parent=24280 started>
    │    └ <function subprocess_started at 0x00000221297D2700>
    └ <SpawnProcess name='SpawnProcess-29' parent=24280 started>
  File "C:\Users\lapth\anaconda3\envs\aibacsi\Lib\site-packages\uvicorn\_subprocess.py", line 80, in subprocess_started
    target(sockets=sockets)
    │              └ [<socket.socket fd=780, family=2, type=1, proto=6, laddr=('127.0.1.8', 8000)>]
    └ <bound method Server.run of <uvicorn.server.Server object at 0x0000022129951C50>>
  File "C:\Users\lapth\anaconda3\envs\aibacsi\Lib\site-packages\uvicorn\server.py", line 65, in run
    return asyncio.run(self.serve(sockets=sockets))
           │       │   │    │             └ [<socket.socket fd=780, family=2, type=1, proto=6, laddr=('127.0.1.8', 8000)>]
           │       │   │    └ <function Server.serve at 0x00000221297D13A0>
           │       │   └ <uvicorn.server.Server object at 0x0000022129951C50>
           │       └ <function run at 0x0000022129034860>
           └ <module 'asyncio' from 'C:\\Users\\lapth\\anaconda3\\envs\\aibacsi\\Lib\\asyncio\\__init__.py'>
  File "C:\Users\lapth\anaconda3\envs\aibacsi\Lib\asyncio\runners.py", line 190, in run
    return runner.run(main)
           │      │   └ <coroutine object Server.serve at 0x0000022129897D30>
           │      └ <function Runner.run at 0x0000022129038A40>
           └ <asyncio.runners.Runner object at 0x0000022129951590>
  File "C:\Users\lapth\anaconda3\envs\aibacsi\Lib\asyncio\runners.py", line 118, in run
    return self._loop.run_until_complete(task)
           │    │     │                  └ <Task pending name='Task-1' coro=<Server.serve() running at C:\Users\lapth\anaconda3\envs\aibacsi\Lib\site-packages\uvicorn\s...
           │    │     └ <function BaseEventLoop.run_until_complete at 0x0000022129036660>
           │    └ <_WindowsSelectorEventLoop running=True closed=False debug=False>
           └ <asyncio.runners.Runner object at 0x0000022129951590>
  File "C:\Users\lapth\anaconda3\envs\aibacsi\Lib\asyncio\base_events.py", line 641, in run_until_complete
    self.run_forever()
    │    └ <function BaseEventLoop.run_forever at 0x00000221290365C0>
    └ <_WindowsSelectorEventLoop running=True closed=False debug=False>
  File "C:\Users\lapth\anaconda3\envs\aibacsi\Lib\asyncio\base_events.py", line 608, in run_forever
    self._run_once()
    │    └ <function BaseEventLoop._run_once at 0x0000022129038400>
    └ <_WindowsSelectorEventLoop running=True closed=False debug=False>
  File "C:\Users\lapth\anaconda3\envs\aibacsi\Lib\asyncio\base_events.py", line 1936, in _run_once
    handle._run()
    │      └ <function Handle._run at 0x0000022128F7E840>
    └ <Handle Task.task_wakeup(<Future cancelled>)>
  File "C:\Users\lapth\anaconda3\envs\aibacsi\Lib\asyncio\events.py", line 84, in _run
    self._context.run(self._callback, *self._args)
    │    │            │    │           │    └ <member '_args' of 'Handle' objects>
    │    │            │    │           └ <Handle Task.task_wakeup(<Future cancelled>)>
    │    │            │    └ <member '_callback' of 'Handle' objects>
    │    │            └ <Handle Task.task_wakeup(<Future cancelled>)>
    │    └ <member '_context' of 'Handle' objects>
    └ <Handle Task.task_wakeup(<Future cancelled>)>
  File "C:\Users\lapth\anaconda3\envs\aibacsi\Lib\site-packages\starlette\middleware\base.py", line 149, in coro
    await self.app(scope, receive_or_disconnect, send_no_error)
          │    │   │      │                      └ <function BaseHTTPMiddleware.__call__.<locals>.call_next.<locals>.send_no_error at 0x000002214F01ACA0>
          │    │   │      └ <function BaseHTTPMiddleware.__call__.<locals>.call_next.<locals>.receive_or_disconnect at 0x000002214EFADE40>
          │    │   └ {'type': 'http', 'asgi': {'version': '3.0', 'spec_version': '2.4'}, 'http_version': '1.1', 'server': ('127.0.1.8', 8000), 'cl...
          │    └ <starlette.middleware.exceptions.ExceptionMiddleware object at 0x000002214EF94B50>
          └ <app.middleware.log_request.RequestLogMiddleware object at 0x000002214CD16650>
  File "C:\Users\lapth\anaconda3\envs\aibacsi\Lib\site-packages\starlette\middleware\exceptions.py", line 62, in __call__
    await wrap_app_handling_exceptions(self.app, conn)(scope, receive, send)
          │                            │    │    │     │      │        └ <function BaseHTTPMiddleware.__call__.<locals>.call_next.<locals>.send_no_error at 0x000002214F01ACA0>
          │                            │    │    │     │      └ <function BaseHTTPMiddleware.__call__.<locals>.call_next.<locals>.receive_or_disconnect at 0x000002214EFADE40>
          │                            │    │    │     └ {'type': 'http', 'asgi': {'version': '3.0', 'spec_version': '2.4'}, 'http_version': '1.1', 'server': ('127.0.1.8', 8000), 'cl...
          │                            │    │    └ <starlette.requests.Request object at 0x000002214F1BD950>
          │                            │    └ <fastapi.routing.APIRouter object at 0x000002214EADF150>
          │                            └ <starlette.middleware.exceptions.ExceptionMiddleware object at 0x000002214EF94B50>
          └ <function wrap_app_handling_exceptions at 0x000002212BA099E0>
  File "C:\Users\lapth\anaconda3\envs\aibacsi\Lib\site-packages\starlette\_exception_handler.py", line 51, in wrapped_app
    await app(scope, receive, sender)
          │   │      │        └ <function wrap_app_handling_exceptions.<locals>.wrapped_app.<locals>.sender at 0x000002214F01AB60>
          │   │      └ <function BaseHTTPMiddleware.__call__.<locals>.call_next.<locals>.receive_or_disconnect at 0x000002214EFADE40>
          │   └ {'type': 'http', 'asgi': {'version': '3.0', 'spec_version': '2.4'}, 'http_version': '1.1', 'server': ('127.0.1.8', 8000), 'cl...
          └ <fastapi.routing.APIRouter object at 0x000002214EADF150>
  File "C:\Users\lapth\anaconda3\envs\aibacsi\Lib\site-packages\starlette\routing.py", line 715, in __call__
    await self.middleware_stack(scope, receive, send)
          │    │                │      │        └ <function wrap_app_handling_exceptions.<locals>.wrapped_app.<locals>.sender at 0x000002214F01AB60>
          │    │                │      └ <function BaseHTTPMiddleware.__call__.<locals>.call_next.<locals>.receive_or_disconnect at 0x000002214EFADE40>
          │    │                └ {'type': 'http', 'asgi': {'version': '3.0', 'spec_version': '2.4'}, 'http_version': '1.1', 'server': ('127.0.1.8', 8000), 'cl...
          │    └ <bound method Router.app of <fastapi.routing.APIRouter object at 0x000002214EADF150>>
          └ <fastapi.routing.APIRouter object at 0x000002214EADF150>
  File "C:\Users\lapth\anaconda3\envs\aibacsi\Lib\site-packages\starlette\routing.py", line 735, in app
    await route.handle(scope, receive, send)
          │     │      │      │        └ <function wrap_app_handling_exceptions.<locals>.wrapped_app.<locals>.sender at 0x000002214F01AB60>
          │     │      │      └ <function BaseHTTPMiddleware.__call__.<locals>.call_next.<locals>.receive_or_disconnect at 0x000002214EFADE40>
          │     │      └ {'type': 'http', 'asgi': {'version': '3.0', 'spec_version': '2.4'}, 'http_version': '1.1', 'server': ('127.0.1.8', 8000), 'cl...
          │     └ <function Route.handle at 0x000002212BA0B1A0>
          └ APIRoute(path='/voice/stt', name='stt_endpoint', methods=['POST'])
  File "C:\Users\lapth\anaconda3\envs\aibacsi\Lib\site-packages\starlette\routing.py", line 288, in handle
    await self.app(scope, receive, send)
          │    │   │      │        └ <function wrap_app_handling_exceptions.<locals>.wrapped_app.<locals>.sender at 0x000002214F01AB60>
          │    │   │      └ <function BaseHTTPMiddleware.__call__.<locals>.call_next.<locals>.receive_or_disconnect at 0x000002214EFADE40>
          │    │   └ {'type': 'http', 'asgi': {'version': '3.0', 'spec_version': '2.4'}, 'http_version': '1.1', 'server': ('127.0.1.8', 8000), 'cl...
          │    └ <function request_response.<locals>.app at 0x000002214EF71800>
          └ APIRoute(path='/voice/stt', name='stt_endpoint', methods=['POST'])
  File "C:\Users\lapth\anaconda3\envs\aibacsi\Lib\site-packages\starlette\routing.py", line 76, in app
    await wrap_app_handling_exceptions(app, request)(scope, receive, send)
          │                            │    │        │      │        └ <function wrap_app_handling_exceptions.<locals>.wrapped_app.<locals>.sender at 0x000002214F01AB60>
          │                            │    │        │      └ <function BaseHTTPMiddleware.__call__.<locals>.call_next.<locals>.receive_or_disconnect at 0x000002214EFADE40>
          │                            │    │        └ {'type': 'http', 'asgi': {'version': '3.0', 'spec_version': '2.4'}, 'http_version': '1.1', 'server': ('127.0.1.8', 8000), 'cl...
          │                            │    └ <starlette.requests.Request object at 0x000002214F182010>
          │                            └ <function request_response.<locals>.app.<locals>.app at 0x000002214F01B060>
          └ <function wrap_app_handling_exceptions at 0x000002212BA099E0>
  File "C:\Users\lapth\anaconda3\envs\aibacsi\Lib\site-packages\starlette\_exception_handler.py", line 51, in wrapped_app
    await app(scope, receive, sender)
          │   │      │        └ <function wrap_app_handling_exceptions.<locals>.wrapped_app.<locals>.sender at 0x000002214F155BC0>
          │   │      └ <function BaseHTTPMiddleware.__call__.<locals>.call_next.<locals>.receive_or_disconnect at 0x000002214EFADE40>
          │   └ {'type': 'http', 'asgi': {'version': '3.0', 'spec_version': '2.4'}, 'http_version': '1.1', 'server': ('127.0.1.8', 8000), 'cl...
          └ <function request_response.<locals>.app.<locals>.app at 0x000002214F01B060>
  File "C:\Users\lapth\anaconda3\envs\aibacsi\Lib\site-packages\starlette\routing.py", line 73, in app
    response = await f(request)
                     │ └ <starlette.requests.Request object at 0x000002214F182010>
                     └ <function get_request_handler.<locals>.app at 0x000002214EF71940>
  File "C:\Users\lapth\anaconda3\envs\aibacsi\Lib\site-packages\fastapi\routing.py", line 301, in app
    raw_response = await run_endpoint_function(
                         └ <function run_endpoint_function at 0x0000022127177740>
  File "C:\Users\lapth\anaconda3\envs\aibacsi\Lib\site-packages\fastapi\routing.py", line 212, in run_endpoint_function
    return await dependant.call(**values)
                 │         │      └ {'file': UploadFile(filename='up_7bb81f5c7aa240d88444852e4182bfd1.mp3', size=22272, headers=Headers({'content-disposition': '...
                 │         └ <function stt_endpoint at 0x000002214EEF5E40>
                 └ Dependant(path_params=[], query_params=[], header_params=[], cookie_params=[], body_params=[ModelField(field_info=File(Pydant...

> File "E:\KLTN\chatbot\backend\app\routers\voice.py", line 305, in stt_endpoint
    text = transcribe_audio(tmp_path, language=_lang)
           │                │                  └ 'string'
           │                └ 'data\\uploads\\up_b5e14c93438d47c0ae27b5a71f7b1209.mp3'
           └ <function transcribe_audio at 0x000002214EEF4AE0>

  File "E:\KLTN\chatbot\backend\app\services\stt_service.py", line 314, in transcribe_audio
    return transcribe_wav_path(
           └ <function transcribe_wav_path at 0x000002214EEF4B80>

  File "E:\KLTN\chatbot\backend\app\services\stt_service.py", line 341, in transcribe_wav_path
    segments, info = model.transcribe(
                     │     └ <function WhisperModel.transcribe at 0x000002214EEF42C0>
                     └ <faster_whisper.transcribe.WhisperModel object at 0x000002214F14A2D0>

  File "C:\Users\lapth\anaconda3\envs\aibacsi\Lib\site-packages\faster_whisper\transcribe.py", line 440, in transcribe
    tokenizer = Tokenizer(
                └ <class 'faster_whisper.tokenizer.Tokenizer'>
  File "C:\Users\lapth\anaconda3\envs\aibacsi\Lib\site-packages\faster_whisper\tokenizer.py", line 29, in __init__
    raise ValueError(

ValueError: 'string' is not a valid language code (accepted language codes: af, am, ar, as, az, ba, be, bg, bn, bo, br, bs, ca, cs, cy, da, de, el, en, es, et, eu, fa, fi, fo, fr, gl, gu, ha, haw, he, hi, hr, ht, hu, hy, id, is, it, ja, jw, ka, kk, km, kn, ko, la, lb, ln, lo, lt, lv, mg, mi, mk, ml, mn, mr, ms, mt, my, ne, nl, nn, no, oc, pa, pl, ps, pt, ro, ru, sa, sd, si, sk, sl, sn, so, sq, sr, su, sv, sw, ta, te, tg, th, tk, tl, tr, tt, uk, ur, uz, vi, yi, yo, zh, yue)
2026-01-26 23:45:20 | INFO | POST /voice/stt -> 500 (1473.9 ms)
2026-01-26 23:45:26 | INFO | POST /voice/stt -> 200 (1119.9 ms)
2026-01-26 23:45:35 | INFO | POST /login -> 401 (3.0 ms)
2026-01-26 23:45:41 | INFO | POST /login -> 200 (2.4 ms)
2026-01-26 23:46:31 | INFO | POST /login -> 200 (2.6 ms)
2026-01-26 23:51:06 | INFO | ✅ Logger initialized (level=INFO, file=logs/app.log)
2026-01-26 23:51:06 | INFO | Startup completed: admin ensured.
2026-01-26 23:55:20 | INFO | GET /docs -> 200 (0.5 ms)
2026-01-26 23:55:28 | INFO | ✅ Logger initialized (level=INFO, file=logs/app.log)
2026-01-26 23:55:28 | INFO | Startup completed: admin ensured.
2026-01-26 23:55:28 | INFO | GET /openapi.json -> 200 (20.6 ms)
2026-01-26 23:57:34 | INFO | POST /forgot-password -> 404 (179.5 ms)
2026-01-26 23:57:52 | INFO | POST /forgot-password -> 200 (2736.0 ms)
2026-01-27 00:00:16 | INFO | POST /login -> 200 (6.0 ms)
2026-01-27 00:01:01 | INFO | POST /login -> 200 (2.6 ms)
2026-01-27 00:01:36 | INFO | ✅ Logger initialized (level=INFO, file=logs/app.log)
2026-01-27 00:01:36 | INFO | Startup completed: admin ensured.
2026-01-27 00:01:43 | INFO | ✅ Logger initialized (level=INFO, file=logs/app.log)
2026-01-27 00:01:43 | INFO | Startup completed: admin ensured.
2026-01-27 00:01:43 | INFO | GET /docs -> 200 (1.1 ms)
2026-01-27 00:01:43 | INFO | GET /favicon.ico -> 404 (2.3 ms)
2026-01-27 00:01:43 | INFO | GET /openapi.json -> 200 (17.1 ms)
2026-01-27 00:02:16 | INFO | Loading query embedding model: BAAI/bge-m3
2026-01-27 00:02:33 | INFO | POST /voice/chat -> 200 (22389.8 ms)
2026-01-27 00:06:47 | INFO | ✅ Logger initialized (level=INFO, file=logs/app.log)
2026-01-27 00:06:47 | INFO | Startup completed: admin ensured.
2026-01-27 00:09:52 | INFO | ✅ Logger initialized (level=INFO, file=logs/app.log)
2026-01-27 00:09:52 | INFO | Startup completed: admin ensured.
2026-01-27 00:09:58 | INFO | ✅ Logger initialized (level=INFO, file=logs/app.log)
2026-01-27 00:09:58 | INFO | Startup completed: admin ensured.
